<?xml version="1.0" encoding="UTF-8"?>
<!-- Generated by org.testng.reporters.JUnitReportReporter -->
<testsuite hostname="Pragti" failures="0" tests="1" name="waste.BrowserstackTest" time="2.339" errors="0" timestamp="2024-06-03T12:57:44 IST" skipped="0">
  <testcase classname="waste.BrowserstackTest" name="searchTest" time="2.339"/>
</testsuite> <!-- waste.BrowserstackTest -->
