<?xml version="1.0" encoding="UTF-8"?>
<!-- Generated by org.testng.reporters.JUnitReportReporter -->
<testsuite hostname="Pragti" failures="0" tests="1" name="com.qa.tests.alllinksTest" time="0.095" errors="0" timestamp="2024-06-17T11:49:31 IST" skipped="0">
  <testcase classname="com.qa.tests.alllinksTest" name="fTest" time="0.095"/>
</testsuite> <!-- com.qa.tests.alllinksTest -->
