<?xml version="1.0" encoding="UTF-8"?>
<!-- Generated by org.testng.reporters.JUnitReportReporter -->
<testsuite hostname="Pragti" failures="0" tests="4" name="com.qa.tests.StratbeansTest" time="73.222" errors="0" timestamp="2024-12-09T12:43:54 IST" skipped="0">
  <testcase classname="com.qa.tests.StratbeansTest" name="urlTest" time="0.143"/>
  <testcase classname="com.qa.tests.StratbeansTest" name="titleTest" time="0.016"/>
  <testcase classname="com.qa.tests.StratbeansTest" name="brokenlinksTest" time="59.573"/>
  <testcase classname="com.qa.tests.StratbeansTest" name="brokenimagesTest" time="13.490"/>
</testsuite> <!-- com.qa.tests.StratbeansTest -->
