<?xml version="1.0" encoding="UTF-8"?>
<!-- Generated by org.testng.reporters.JUnitReportReporter -->
<testsuite hostname="Pragti" failures="0" tests="3" name="alwayspracticehere.Javascriptexe4Test" time="0.398" errors="0" timestamp="2024-05-04T14:20:31 IST" skipped="0">
  <testcase classname="alwayspracticehere.Javascriptexe4Test" name="fTest" time="0.297"/>
  <testcase classname="alwayspracticehere.Javascriptexe4Test" name="flTest" time="0.029"/>
  <testcase classname="alwayspracticehere.Javascriptexe4Test" name="fllTest" time="0.072"/>
</testsuite> <!-- alwayspracticehere.Javascriptexe4Test -->
