<?xml version="1.0" encoding="UTF-8"?>
<!-- Generated by org.testng.reporters.JUnitReportReporter -->
<testsuite hostname="Pragti" failures="0" tests="1" name="alwayspracticehere.BrokenlinksaaaaTest" time="0.313" errors="0" timestamp="2024-05-30T14:17:00 IST" skipped="0">
  <testcase classname="alwayspracticehere.BrokenlinksaaaaTest" name="brokenlinksTest" time="0.313"/>
</testsuite> <!-- alwayspracticehere.BrokenlinksaaaaTest -->
