<?xml version="1.0" encoding="UTF-8"?>
<!-- Generated by org.testng.reporters.JUnitReportReporter -->
<testsuite hostname="Pragti" failures="0" tests="4" name="advanceconcepts.ExtentreportpracticeTest" time="0.117" errors="0" timestamp="2024-09-18T18:21:39 IST" skipped="0">
  <testcase classname="advanceconcepts.ExtentreportpracticeTest" name="foooTest" time="0.006"/>
  <testcase classname="advanceconcepts.ExtentreportpracticeTest" name="ftttTest" time="0.006"/>
  <testcase classname="advanceconcepts.ExtentreportpracticeTest" name="feeTest" time="0.010"/>
  <testcase classname="advanceconcepts.ExtentreportpracticeTest" name="fTest" time="0.095"/>
</testsuite> <!-- advanceconcepts.ExtentreportpracticeTest -->
