<?xml version="1.0" encoding="UTF-8"?>
<!-- Generated by org.testng.reporters.JUnitReportReporter -->
<testsuite hostname="Pragti" failures="0" tests="4" name="com.qa.tests.NewTyyyyTest" time="0.142" errors="0" timestamp="2024-04-01T11:22:22 IST" skipped="0">
  <testcase classname="com.qa.tests.NewTyyyyTest" name="fTest" time="0.103"/>
  <testcase classname="com.qa.tests.NewTyyyyTest" name="fyTest" time="0.018"/>
  <testcase classname="com.qa.tests.NewTyyyyTest" name="fyhTest" time="0.011"/>
  <testcase classname="com.qa.tests.NewTyyyyTest" name="fuuTest" time="0.010"/>
</testsuite> <!-- com.qa.tests.NewTyyyyTest -->
