<?xml version="1.0" encoding="UTF-8"?>
<!-- Generated by org.testng.reporters.JUnitReportReporter -->
<testsuite hostname="Pragti" failures="0" tests="1" name="alwayspracticehere.BrokenimagesTest" time="3.498" errors="0" timestamp="2024-09-25T11:09:24 IST" skipped="0">
  <testcase classname="alwayspracticehere.BrokenimagesTest" name="geTest" time="3.498"/>
</testsuite> <!-- alwayspracticehere.BrokenimagesTest -->
