<?xml version="1.0" encoding="UTF-8"?>
<!-- Generated by org.testng.reporters.JUnitReportReporter -->
<testsuite hostname="Pragti" failures="0" tests="1" name="alwayspracticehere.BrokenimagesTest" time="0.347" errors="0" timestamp="2024-10-14T12:43:27 IST" skipped="0">
  <testcase classname="alwayspracticehere.BrokenimagesTest" name="pTest" time="0.347"/>
</testsuite> <!-- alwayspracticehere.BrokenimagesTest -->
