<?xml version="1.0" encoding="UTF-8"?>
<!-- Generated by org.testng.reporters.JUnitReportReporter -->
<testsuite hostname="Pragti" failures="0" tests="4" name="com.qa.tests.ParallelagainpracTest" time="0.385" errors="0" timestamp="2024-04-03T15:13:53 IST" skipped="0">
  <testcase classname="com.qa.tests.ParallelagainpracTest" name="fTest" time="0.295"/>
  <testcase classname="com.qa.tests.ParallelagainpracTest" name="fTest" time="0.017"/>
  <testcase classname="com.qa.tests.ParallelagainpracTest" name="foTest" time="0.016"/>
  <testcase classname="com.qa.tests.ParallelagainpracTest" name="foTest" time="0.057"/>
</testsuite> <!-- com.qa.tests.ParallelagainpracTest -->
