<?xml version="1.0" encoding="UTF-8"?>
<!-- Generated by org.testng.reporters.JUnitReportReporter -->
<testsuite hostname="Pragti" failures="0" tests="1" name="alwayspracticehere.ggTest" time="0.167" errors="0" timestamp="2024-07-15T14:44:57 IST" skipped="0">
  <testcase classname="alwayspracticehere.ggTest" name="fTest" time="0.167"/>
</testsuite> <!-- alwayspracticehere.ggTest -->
