<?xml version="1.0" encoding="UTF-8"?>
<!-- Generated by org.testng.reporters.JUnitReportReporter -->
<testsuite hostname="Pragti" failures="0" tests="12" name="com.qa.tests.dataprovider00Test" time="3.256" errors="0" timestamp="2024-04-09T17:37:34 IST" skipped="0">
  <testcase classname="com.qa.tests.dataprovider00Test" name="opmTest" time="0.239"/>
  <testcase classname="com.qa.tests.dataprovider00Test" name="fjTest" time="0.252"/>
  <testcase classname="com.qa.tests.dataprovider00Test" name="fTest" time="0.420"/>
  <testcase classname="com.qa.tests.dataprovider00Test" name="fyyTest" time="0.251"/>
  <testcase classname="com.qa.tests.dataprovider00Test" name="opTest" time="0.268"/>
  <testcase classname="com.qa.tests.dataprovider00Test" name="fyyTest" time="0.250"/>
  <testcase classname="com.qa.tests.dataprovider00Test" name="fjTest" time="0.262"/>
  <testcase classname="com.qa.tests.dataprovider00Test" name="fjmTest" time="0.250"/>
  <testcase classname="com.qa.tests.dataprovider00Test" name="fjmTest" time="0.254"/>
  <testcase classname="com.qa.tests.dataprovider00Test" name="opmTest" time="0.252"/>
  <testcase classname="com.qa.tests.dataprovider00Test" name="opTest" time="0.279"/>
  <testcase classname="com.qa.tests.dataprovider00Test" name="fTest" time="0.279"/>
</testsuite> <!-- com.qa.tests.dataprovider00Test -->
