<?xml version="1.0" encoding="UTF-8"?>
<!-- Generated by org.testng.reporters.JUnitReportReporter -->
<testsuite hostname="Pragti" failures="0" tests="1" name="com.qa.tests.Loginsamplesite3Test" time="0.201" errors="0" timestamp="2024-09-16T16:28:40 IST" skipped="0">
  <testcase classname="com.qa.tests.Loginsamplesite3Test" name="fTest" time="0.201"/>
</testsuite> <!-- com.qa.tests.Loginsamplesite3Test -->
