<?xml version="1.0" encoding="UTF-8"?>
<!-- Generated by org.testng.reporters.JUnitReportReporter -->
<testsuite hostname="Pragti" failures="0" tests="1" name="com.qa.tests.lpTest" time="18.080" errors="0" timestamp="2024-10-14T13:08:10 IST" skipped="0">
  <testcase classname="com.qa.tests.lpTest" name="fTest" time="18.080"/>
</testsuite> <!-- com.qa.tests.lpTest -->
