<?xml version="1.0" encoding="UTF-8"?>
<!-- Generated by org.testng.reporters.JUnitReportReporter -->
<testsuite hostname="Pragti" failures="0" tests="4" name="alwayspracticehere.NewhweTest" time="0.334" errors="0" timestamp="2024-11-28T11:18:25 IST" skipped="0">
  <testcase classname="alwayspracticehere.NewhweTest" name="fuuuTest" time="0.038"/>
  <testcase classname="alwayspracticehere.NewhweTest" name="fjkTest" time="0.051"/>
  <testcase classname="alwayspracticehere.NewhweTest" name="fTest" time="0.203"/>
  <testcase classname="alwayspracticehere.NewhweTest" name="fuuTest" time="0.042"/>
</testsuite> <!-- alwayspracticehere.NewhweTest -->
