<?xml version="1.0" encoding="UTF-8"?>
<!-- Generated by org.testng.reporters.JUnitReportReporter -->
<testsuite hostname="Pragti" failures="0" tests="1" name="com.qa.tests.NewhTest" time="2.107" errors="0" timestamp="2024-07-20T09:44:46 IST" skipped="0">
  <testcase classname="com.qa.tests.NewhTest" name="fTest" time="2.107"/>
</testsuite> <!-- com.qa.tests.NewhTest -->
