<?xml version="1.0" encoding="UTF-8"?>
<!-- Generated by org.testng.reporters.JUnitReportReporter -->
<testsuite hostname="Pragti" failures="0" tests="1" name="advanceconcepts.NewTest" time="15.726" errors="0" timestamp="2024-08-14T14:12:22 IST" skipped="0">
  <testcase classname="advanceconcepts.NewTest" name="GetTest" time="15.726"/>
</testsuite> <!-- advanceconcepts.NewTest -->
