<?xml version="1.0" encoding="UTF-8"?>
<!-- Generated by org.testng.reporters.JUnitReportReporter -->
<testsuite hostname="Pragti" failures="0" tests="1" name="com.qa.tests.NewdataproviderTest" time="1.918" errors="0" timestamp="2024-04-09T13:36:04 IST" skipped="0">
  <testcase classname="com.qa.tests.NewdataproviderTest" name="fTest" time="1.918"/>
</testsuite> <!-- com.qa.tests.NewdataproviderTest -->
