<?xml version="1.0" encoding="UTF-8"?>
<!-- Generated by org.testng.reporters.JUnitReportReporter -->
<testsuite hostname="Pragti" failures="0" tests="1" name="alwayspracticehere.NejjjwTest" time="0.292" errors="0" timestamp="2024-07-27T12:11:48 IST" skipped="0">
  <testcase classname="alwayspracticehere.NejjjwTest" name="fTest" time="0.292"/>
</testsuite> <!-- alwayspracticehere.NejjjwTest -->
