<?xml version="1.0" encoding="UTF-8"?>
<!-- Generated by org.testng.reporters.JUnitReportReporter -->
<testsuite hostname="Pragti" failures="0" tests="4" name="com.qa.tests.chromeoptionsTest" time="1.351" errors="0" timestamp="2024-10-01T16:12:33 IST" skipped="0">
  <testcase classname="com.qa.tests.chromeoptionsTest" name="fkk14yTest" time="0.019"/>
  <testcase classname="com.qa.tests.chromeoptionsTest" name="jfTest" time="0.249"/>
  <testcase classname="com.qa.tests.chromeoptionsTest" name="fTest" time="1.048"/>
  <testcase classname="com.qa.tests.chromeoptionsTest" name="fkk14ttTest" time="0.035"/>
</testsuite> <!-- com.qa.tests.chromeoptionsTest -->
