<?xml version="1.0" encoding="UTF-8"?>
<!-- Generated by org.testng.reporters.JUnitReportReporter -->
<testsuite hostname="Pragti" failures="0" tests="7" name="com.qa.tests.TenscrTest" time="0.534" errors="0" timestamp="2024-10-18T15:49:09 IST" skipped="0">
  <testcase classname="com.qa.tests.TenscrTest" name="fTest" time="0.122"/>
  <testcase classname="com.qa.tests.TenscrTest" name="f6Test" time="0.015"/>
  <testcase classname="com.qa.tests.TenscrTest" name="f2Test" time="0.065"/>
  <testcase classname="com.qa.tests.TenscrTest" name="f3Test" time="0.010"/>
  <testcase classname="com.qa.tests.TenscrTest" name="f1Test" time="0.301"/>
  <testcase classname="com.qa.tests.TenscrTest" name="f5Test" time="0.014"/>
  <testcase classname="com.qa.tests.TenscrTest" name="f4Test" time="0.007"/>
</testsuite> <!-- com.qa.tests.TenscrTest -->
