<?xml version="1.0" encoding="UTF-8"?>
<!-- Generated by org.testng.reporters.JUnitReportReporter -->
<testsuite hostname="Pragti" failures="0" tests="1" name="com.qa.tests.SearchTest" time="1.378" errors="0" timestamp="2024-04-05T14:43:30 IST" skipped="0">
  <testcase classname="com.qa.tests.SearchTest" name="fTest" time="1.378"/>
</testsuite> <!-- com.qa.tests.SearchTest -->
