<?xml version="1.0" encoding="UTF-8"?>
<!-- Generated by org.testng.reporters.JUnitReportReporter -->
<testsuite hostname="Pragti" failures="0" tests="1" name="com.qa.tests.javascriptexecutorTest" time="0.305" errors="0" timestamp="2024-04-26T14:31:45 IST" skipped="0">
  <testcase classname="com.qa.tests.javascriptexecutorTest" name="fTest" time="0.305"/>
</testsuite> <!-- com.qa.tests.javascriptexecutorTest -->
