<?xml version="1.0" encoding="UTF-8"?>
<!-- Generated by org.testng.reporters.JUnitReportReporter -->
<testsuite hostname="Pragti" failures="0" tests="1" name="com.qa.tests.N90eeTest" time="0.900" errors="0" timestamp="2024-09-14T11:28:13 IST" skipped="0">
  <testcase classname="com.qa.tests.N90eeTest" name="fTest" time="0.900"/>
</testsuite> <!-- com.qa.tests.N90eeTest -->
