<?xml version="1.0" encoding="UTF-8"?>
<!-- Generated by org.testng.reporters.JUnitReportReporter -->
<testsuite hostname="Pragti" failures="0" tests="1" name="com.qa.tests.testssssssngpracticeTest" time="0.540" errors="0" timestamp="2024-08-16T12:16:13 IST" skipped="0">
  <testcase classname="com.qa.tests.testssssssngpracticeTest" name="fTest" time="0.540"/>
</testsuite> <!-- com.qa.tests.testssssssngpracticeTest -->
