<?xml version="1.0" encoding="UTF-8"?>
<!-- Generated by org.testng.reporters.JUnitReportReporter -->
<testsuite hostname="Pragti" failures="0" tests="2" name="alwayspracticehere.NeweeeTest" time="0.455" errors="0" timestamp="2024-08-17T08:41:06 IST" skipped="0">
  <testcase classname="alwayspracticehere.NeweeeTest" name="fTest" time="0.384"/>
  <testcase classname="alwayspracticehere.NeweeeTest" name="feTest" time="0.071"/>
</testsuite> <!-- alwayspracticehere.NeweeeTest -->
