<?xml version="1.0" encoding="UTF-8"?>
<!-- Generated by org.testng.reporters.JUnitReportReporter -->
<testsuite hostname="Pragti" failures="0" tests="13" name="com.qa.tests.NewyyyyyfffTest" time="0.812" errors="0" timestamp="2024-10-14T15:07:58 IST" skipped="0">
  <testcase classname="com.qa.tests.NewyyyyyfffTest" name="getoooTest" time="0.021"/>
  <testcase classname="com.qa.tests.NewyyyyyfffTest" name="getoooTest" time="0.024"/>
  <testcase classname="com.qa.tests.NewyyyyyfffTest" name="getoooTest" time="0.050"/>
  <testcase classname="com.qa.tests.NewyyyyyfffTest" name="getoooTest" time="0.016"/>
  <testcase classname="com.qa.tests.NewyyyyyfffTest" name="getoooTest" time="0.025"/>
  <testcase classname="com.qa.tests.NewyyyyyfffTest" name="getoTest" time="0.283"/>
  <testcase classname="com.qa.tests.NewyyyyyfffTest" name="getoooTest" time="0.018"/>
  <testcase classname="com.qa.tests.NewyyyyyfffTest" name="getoooTest" time="0.024"/>
  <testcase classname="com.qa.tests.NewyyyyyfffTest" name="getoooTest" time="0.021"/>
  <testcase classname="com.qa.tests.NewyyyyyfffTest" name="getoooTest" time="0.040"/>
  <testcase classname="com.qa.tests.NewyyyyyfffTest" name="getoooTest" time="0.029"/>
  <testcase classname="com.qa.tests.NewyyyyyfffTest" name="getoooTest" time="0.044"/>
  <testcase classname="com.qa.tests.NewyyyyyfffTest" name="getTest" time="0.217"/>
</testsuite> <!-- com.qa.tests.NewyyyyyfffTest -->
