<?xml version="1.0" encoding="UTF-8"?>
<!-- Generated by org.testng.reporters.JUnitReportReporter -->
<testsuite hostname="Pragti" failures="0" tests="1" name="alwayspracticehere.NewjTest" time="0.171" errors="0" timestamp="2024-07-16T14:34:41 IST" skipped="0">
  <testcase classname="alwayspracticehere.NewjTest" name="fTest" time="0.171"/>
</testsuite> <!-- alwayspracticehere.NewjTest -->
