<?xml version="1.0" encoding="UTF-8"?>
<!-- Generated by org.testng.reporters.JUnitReportReporter -->
<testsuite hostname="Pragti" failures="0" tests="1" name="alwayspracticehere.frames11Test" time="2.386" errors="0" timestamp="2024-09-24T11:46:40 IST" skipped="0">
  <testcase classname="alwayspracticehere.frames11Test" name="fTest" time="2.386"/>
</testsuite> <!-- alwayspracticehere.frames11Test -->
