<?xml version="1.0" encoding="UTF-8"?>
<!-- Generated by org.testng.reporters.JUnitReportReporter -->
<testsuite hostname="Pragti" failures="0" tests="2" name="dailyping.CreateSchedulerTest" time="1.496" errors="0" timestamp="2024-07-05T15:02:51 IST" skipped="0">
  <testcase classname="dailyping.CreateSchedulerTest" name="gettitleandurlTest" time="0.424"/>
  <testcase classname="dailyping.CreateSchedulerTest" name="getallbrokenlinksTest" time="1.072"/>
</testsuite> <!-- dailyping.CreateSchedulerTest -->
