<?xml version="1.0" encoding="UTF-8"?>
<!-- Generated by org.testng.reporters.JUnitReportReporter -->
<testsuite hostname="Pragti" failures="0" tests="3" name="alwayspracticehere.NewrrTest" time="2.547" errors="0" timestamp="2024-10-08T16:40:35 IST" skipped="1">
  <testcase classname="alwayspracticehere.NewrrTest" name="ftTest" time="2.239"/>
  <testcase classname="alwayspracticehere.NewrrTest" name="fddrTest" time="0.121">
    <skipped/>
  </testcase> <!-- fddrTest -->
  <testcase classname="alwayspracticehere.NewrrTest" name="fddTest" time="0.187"/>
</testsuite> <!-- alwayspracticehere.NewrrTest -->
