<?xml version="1.0" encoding="UTF-8"?>
<!-- Generated by org.testng.reporters.JUnitReportReporter -->
<testsuite hostname="Pragti" failures="0" tests="1" name="com.qa.tests.CalendarTest" time="0.351" errors="0" timestamp="2024-06-20T14:42:36 IST" skipped="0">
  <testcase classname="com.qa.tests.CalendarTest" name="fTest" time="0.351"/>
</testsuite> <!-- com.qa.tests.CalendarTest -->
