<?xml version="1.0" encoding="UTF-8"?>
<!-- Generated by org.testng.reporters.JUnitReportReporter -->
<testsuite hostname="Pragti" failures="0" tests="1" name="wtsssss.NewTest" time="0.093" errors="0" timestamp="2024-07-16T14:54:01 IST" skipped="0">
  <testcase classname="wtsssss.NewTest" name="fjTest" time="0.093"/>
</testsuite> <!-- wtsssss.NewTest -->
