<?xml version="1.0" encoding="UTF-8"?>
<!-- Generated by org.testng.reporters.JUnitReportReporter -->
<testsuite hostname="Pragti" failures="0" tests="1" name="alwayspracticehere.ClickTest" time="17.985" errors="0" timestamp="2024-07-17T18:14:48 IST" skipped="0">
  <testcase classname="alwayspracticehere.ClickTest" name="fTest" time="17.985"/>
</testsuite> <!-- alwayspracticehere.ClickTest -->
