<?xml version="1.0" encoding="UTF-8"?>
<!-- Generated by org.testng.reporters.JUnitReportReporter -->
<testsuite hostname="Pragti" failures="0" tests="2" name="alwayspracticehere.dropdownTest" time="0.928" errors="0" timestamp="2024-09-11T08:10:37 IST" skipped="0">
  <testcase classname="alwayspracticehere.dropdownTest" name="fjlTest" time="0.791"/>
  <testcase classname="alwayspracticehere.dropdownTest" name="fjl5Test" time="0.137"/>
</testsuite> <!-- alwayspracticehere.dropdownTest -->
