<?xml version="1.0" encoding="UTF-8"?>
<!-- Generated by org.testng.reporters.JUnitReportReporter -->
<testsuite hostname="Pragti" failures="0" tests="3" name="com.qa.tests.alllinksTest" time="0.258" errors="0" timestamp="2024-09-16T16:26:12 IST" skipped="0">
  <testcase classname="com.qa.tests.alllinksTest" name="fyyTest" time="0.070"/>
  <testcase classname="com.qa.tests.alllinksTest" name="flTest" time="0.156"/>
  <testcase classname="com.qa.tests.alllinksTest" name="kkkTest" time="0.032"/>
</testsuite> <!-- com.qa.tests.alllinksTest -->
