<?xml version="1.0" encoding="UTF-8"?>
<!-- Generated by org.testng.reporters.JUnitReportReporter -->
<testsuite hostname="Pragti" failures="0" tests="2" name="com.qa.tests.NewgggTest" time="0.231" errors="0" timestamp="2024-10-21T09:13:43 IST" skipped="0">
  <testcase classname="com.qa.tests.NewgggTest" name="flTest" time="0.114"/>
  <testcase classname="com.qa.tests.NewgggTest" name="fTest" time="0.117"/>
</testsuite> <!-- com.qa.tests.NewgggTest -->
