<?xml version="1.0" encoding="UTF-8"?>
<!-- Generated by org.testng.reporters.JUnitReportReporter -->
<testsuite hostname="Pragti" failures="0" tests="3" name="com.qa.tests.chromeoptionsTest" time="0.751" errors="0" timestamp="2024-07-13T12:20:20 IST" skipped="0">
  <testcase classname="com.qa.tests.chromeoptionsTest" name="fTest" time="0.108"/>
  <testcase classname="com.qa.tests.chromeoptionsTest" name="jfTest" time="0.041"/>
  <testcase classname="com.qa.tests.chromeoptionsTest" name="fkkTest" time="0.602"/>
</testsuite> <!-- com.qa.tests.chromeoptionsTest -->
