<?xml version="1.0" encoding="UTF-8"?>
<!-- Generated by org.testng.reporters.JUnitReportReporter -->
<testsuite hostname="Pragti" failures="0" tests="1" name="com.qa.tests.NewhTest" time="6.984" errors="0" timestamp="2024-06-18T09:24:20 IST" skipped="0">
  <testcase classname="com.qa.tests.NewhTest" name="fTest" time="6.984"/>
</testsuite> <!-- com.qa.tests.NewhTest -->
