<?xml version="1.0" encoding="UTF-8"?>
<!-- Generated by org.testng.reporters.JUnitReportReporter -->
<testsuite hostname="Pragti" failures="0" tests="3" name="alwayspracticehere.makemytricdddfvGTest" time="0.267" errors="0" timestamp="2024-11-26T12:16:26 IST" skipped="0">
  <testcase classname="alwayspracticehere.makemytricdddfvGTest" name="fjTest" time="0.013"/>
  <testcase classname="alwayspracticehere.makemytricdddfvGTest" name="fTest" time="0.248"/>
  <testcase classname="alwayspracticehere.makemytricdddfvGTest" name="fjjTest" time="0.006"/>
</testsuite> <!-- alwayspracticehere.makemytricdddfvGTest -->
