<?xml version="1.0" encoding="UTF-8"?>
<!-- Generated by org.testng.reporters.JUnitReportReporter -->
<testsuite hostname="Pragti" failures="0" tests="3" name="alwayspracticehere.NewdTest" time="0.159" errors="0" timestamp="2024-06-25T17:31:21 IST" skipped="0">
  <testcase classname="alwayspracticehere.NewdTest" name="start" time="0.143"/>
  <testcase classname="alwayspracticehere.NewdTest" name="ala" time="0.007"/>
  <testcase classname="alwayspracticehere.NewdTest" name="betaa" time="0.009"/>
</testsuite> <!-- alwayspracticehere.NewdTest -->
