<?xml version="1.0" encoding="UTF-8"?>
<!-- Generated by org.testng.reporters.JUnitReportReporter -->
<testsuite hostname="Pragti" failures="0" tests="3" name="alwayspracticehere.JavascTest" time="16.858" errors="0" timestamp="2024-07-02T15:46:09 IST" skipped="0">
  <testcase classname="alwayspracticehere.JavascTest" name="FTest" time="4.627"/>
  <testcase classname="alwayspracticehere.JavascTest" name="kFTest" time="7.631"/>
  <testcase classname="alwayspracticehere.JavascTest" name="FjTest" time="4.600"/>
</testsuite> <!-- alwayspracticehere.JavascTest -->
