<?xml version="1.0" encoding="UTF-8"?>
<!-- Generated by org.testng.reporters.JUnitReportReporter -->
<testsuite hostname="Pragti" failures="0" tests="10" name="dependsongroups.N1Test" time="0.426" errors="1" timestamp="2024-09-05T16:24:29 IST" skipped="1">
  <testcase classname="dependsongroups.N1Test" name="openFileDialog" time="0.011"/>
  <testcase classname="dependsongroups.N1Test" name="openConfirmationDialog" time="0.017"/>
  <testcase classname="dependsongroups.N1Test" name="backendGroupDependentTest1" time="0.000">
    <skipped/>
  </testcase> <!-- backendGroupDependentTest1 -->
  <testcase classname="dependsongroups.N1Test" name="testDelete" time="0.010"/>
  <testcase classname="dependsongroups.N1Test" name="backendGroupDependentTest2" time="0.013"/>
  <testcase classname="dependsongroups.N1Test" name="accessHomePage" time="0.014"/>
  <testcase classname="dependsongroups.N1Test" name="uiGroupDependentTest" time="0.038"/>
  <testcase classname="dependsongroups.N1Test" name="testUpdate" time="0.050"/>
  <testcase classname="dependsongroups.N1Test" name="accessAdminPage" time="0.265">
    <error type="java.lang.RuntimeException">
      <![CDATA[java.lang.RuntimeException
at dependsongroups.N1Test.accessAdminPage(N1Test.java:63)
at java.base/jdk.internal.reflect.NativeMethodAccessorImpl.invoke0(Native Method)
at java.base/jdk.internal.reflect.NativeMethodAccessorImpl.invoke(NativeMethodAccessorImpl.java:77)
at java.base/jdk.internal.reflect.DelegatingMethodAccessorImpl.invoke(DelegatingMethodAccessorImpl.java:43)
at java.base/java.lang.reflect.Method.invoke(Method.java:568)
at org.testng.internal.MethodInvocationHelper.invokeMethod(MethodInvocationHelper.java:133)
at org.testng.internal.TestInvoker.invokeMethod(TestInvoker.java:584)
at org.testng.internal.TestInvoker.invokeTestMethod(TestInvoker.java:172)
at org.testng.internal.MethodRunner.runInSequence(MethodRunner.java:46)
at org.testng.internal.TestInvoker$MethodInvocationAgent.invoke(TestInvoker.java:804)
at org.testng.internal.TestInvoker.invokeTestMethods(TestInvoker.java:145)
at org.testng.internal.TestMethodWorker.invokeTestMethods(TestMethodWorker.java:146)
at org.testng.internal.TestMethodWorker.run(TestMethodWorker.java:128)
at java.base/java.util.ArrayList.forEach(ArrayList.java:1511)
at org.testng.TestRunner.privateRun(TestRunner.java:770)
at org.testng.TestRunner.run(TestRunner.java:591)
at org.testng.SuiteRunner.runTest(SuiteRunner.java:402)
at org.testng.SuiteRunner.runSequentially(SuiteRunner.java:396)
at org.testng.SuiteRunner.privateRun(SuiteRunner.java:355)
at org.testng.SuiteRunner.run(SuiteRunner.java:304)
at org.testng.SuiteRunnerWorker.runSuite(SuiteRunnerWorker.java:53)
at org.testng.SuiteRunnerWorker.run(SuiteRunnerWorker.java:96)
at org.testng.TestNG.runSuitesSequentially(TestNG.java:1180)
at org.testng.TestNG.runSuitesLocally(TestNG.java:1102)
at org.testng.TestNG.runSuites(TestNG.java:1032)
at org.testng.TestNG.run(TestNG.java:1000)
at org.testng.remote.AbstractRemoteTestNG.run(AbstractRemoteTestNG.java:115)
at org.testng.remote.RemoteTestNG.initAndRun(RemoteTestNG.java:251)
at org.testng.remote.RemoteTestNG.main(RemoteTestNG.java:77)
]]>
    </error>
  </testcase> <!-- accessAdminPage -->
  <testcase classname="dependsongroups.N1Test" name="testInsert" time="0.008"/>
</testsuite> <!-- dependsongroups.N1Test -->
