<?xml version="1.0" encoding="UTF-8"?>
<!-- Generated by org.testng.reporters.JUnitReportReporter -->
<testsuite hostname="Pragti" failures="0" tests="1" name="alwayspracticehere.CartTest" time="0.131" errors="0" timestamp="2024-12-07T11:04:12 IST" skipped="0">
  <testcase classname="alwayspracticehere.CartTest" name="fTest" time="0.131"/>
</testsuite> <!-- alwayspracticehere.CartTest -->
