<?xml version="1.0" encoding="UTF-8"?>
<!-- Generated by org.testng.reporters.JUnitReportReporter -->
<testsuite hostname="Pragti" failures="0" tests="1" name="alwayspracticehere.ScrollIntoView1Test" time="1.659" errors="0" timestamp="2024-09-05T12:06:10 IST" skipped="0">
  <testcase classname="alwayspracticehere.ScrollIntoView1Test" name="fiiTest" time="1.659"/>
</testsuite> <!-- alwayspracticehere.ScrollIntoView1Test -->
