<?xml version="1.0" encoding="UTF-8"?>
<!-- Generated by org.testng.reporters.JUnitReportReporter -->
<testsuite hostname="Pragti" failures="0" tests="3" name="com.qa.tests.g" time="18.503" errors="0" timestamp="2024-06-24T18:00:22 IST" skipped="0">
  <testcase classname="com.qa.tests.g" name="geTest" time="6.550"/>
  <testcase classname="com.qa.tests.g" name="geiTest" time="7.143"/>
  <testcase classname="com.qa.tests.g" name="gehTest" time="4.810"/>
</testsuite> <!-- com.qa.tests.g -->
