<?xml version="1.0" encoding="UTF-8"?>
<!-- Generated by org.testng.reporters.JUnitReportReporter -->
<testsuite hostname="Pragti" failures="0" tests="1" name="ooo.GlyTest" time="1.248" errors="0" timestamp="2024-08-30T14:47:11 IST" skipped="0">
  <testcase classname="ooo.GlyTest" name="fTest" time="1.248"/>
</testsuite> <!-- ooo.GlyTest -->
