<?xml version="1.0" encoding="UTF-8"?>
<!-- Generated by org.testng.reporters.JUnitReportReporter -->
<testsuite hostname="Pragti" failures="0" tests="1" name="advanceconcepts.RelativeLocators11Test" time="0.332" errors="0" timestamp="2024-07-15T15:34:51 IST" skipped="0">
  <testcase classname="advanceconcepts.RelativeLocators11Test" name="fTest" time="0.332"/>
</testsuite> <!-- advanceconcepts.RelativeLocators11Test -->
