<?xml version="1.0" encoding="UTF-8"?>
<!-- Generated by org.testng.reporters.JUnitReportReporter -->
<testsuite hostname="Pragti" failures="0" tests="1" name="alwayspracticehere.NewtabTest" time="11.282" errors="0" timestamp="2024-11-28T16:14:19 IST" skipped="0">
  <testcase classname="alwayspracticehere.NewtabTest" name="kkfTest" time="11.282"/>
</testsuite> <!-- alwayspracticehere.NewtabTest -->
