<?xml version="1.0" encoding="UTF-8"?>
<!-- Generated by org.testng.reporters.JUnitReportReporter -->
<testsuite hostname="Pragti" failures="0" tests="1" name="com.qa.tests.praTest" time="0.450" errors="0" timestamp="2024-08-30T11:47:56 IST" skipped="0">
  <testcase classname="com.qa.tests.praTest" name="fTest" time="0.450"/>
</testsuite> <!-- com.qa.tests.praTest -->
