<?xml version="1.0" encoding="UTF-8"?>
<!-- Generated by org.testng.reporters.JUnitReportReporter -->
<testsuite hostname="Pragti" failures="0" tests="2" name="com.qa.tests.BrokenlinksTest" time="0.376" errors="0" timestamp="2024-05-31T12:36:07 IST" skipped="0">
  <testcase classname="com.qa.tests.BrokenlinksTest" name="fTest" time="0.357"/>
  <testcase classname="com.qa.tests.BrokenlinksTest" name="fkTest" time="0.019"/>
</testsuite> <!-- com.qa.tests.BrokenlinksTest -->
