<?xml version="1.0" encoding="UTF-8"?>
<!-- Generated by org.testng.reporters.JUnitReportReporter -->
<testsuite hostname="Pragti" failures="0" tests="6" name="com.qa.tests.NewyyTest" time="0.143" errors="0" timestamp="2024-07-10T13:26:39 IST" skipped="0">
  <testcase classname="com.qa.tests.NewyyTest" name="fTest" time="0.116"/>
  <testcase classname="com.qa.tests.NewyyTest" name="fTest" time="0.006"/>
  <testcase classname="com.qa.tests.NewyyTest" name="fTest" time="0.006"/>
  <testcase classname="com.qa.tests.NewyyTest" name="fTest" time="0.006"/>
  <testcase classname="com.qa.tests.NewyyTest" name="fTest" time="0.004"/>
  <testcase classname="com.qa.tests.NewyyTest" name="fTest" time="0.005"/>
</testsuite> <!-- com.qa.tests.NewyyTest -->
