<?xml version="1.0" encoding="UTF-8"?>
<!-- Generated by org.testng.reporters.JUnitReportReporter -->
<testsuite hostname="Pragti" failures="0" tests="1" name="alwayspracticehere.RelativelocatorsTest" time="4.264" errors="0" timestamp="2024-08-10T09:41:11 IST" skipped="0">
  <testcase classname="alwayspracticehere.RelativelocatorsTest" name="get1Test" time="4.264"/>
</testsuite> <!-- alwayspracticehere.RelativelocatorsTest -->
