<?xml version="1.0" encoding="UTF-8"?>
<!-- Generated by org.testng.reporters.JUnitReportReporter -->
<testsuite hostname="Pragti" failures="0" tests="1" name="com.qa.tests.KeysTest" time="1.629" errors="0" timestamp="2024-09-03T11:38:12 IST" skipped="0">
  <testcase classname="com.qa.tests.KeysTest" name="fTest" time="1.629"/>
</testsuite> <!-- com.qa.tests.KeysTest -->
