<?xml version="1.0" encoding="UTF-8"?>
<!-- Generated by org.testng.reporters.JUnitReportReporter -->
<testsuite hostname="Pragti" failures="0" tests="8" name="alwayspracticehere.Makemytrip222Test" time="1.226" errors="0" timestamp="2024-09-13T16:10:57 IST" skipped="0">
  <testcase classname="alwayspracticehere.Makemytrip222Test" name="fTest" time="0.167"/>
  <testcase classname="alwayspracticehere.Makemytrip222Test" name="fooTest" time="0.022"/>
  <testcase classname="alwayspracticehere.Makemytrip222Test" name="fuuuTest" time="0.439"/>
  <testcase classname="alwayspracticehere.Makemytrip222Test" name="fiTest" time="0.021"/>
  <testcase classname="alwayspracticehere.Makemytrip222Test" name="fi3Test" time="0.117"/>
  <testcase classname="alwayspracticehere.Makemytrip222Test" name="fiuTest" time="0.095"/>
  <testcase classname="alwayspracticehere.Makemytrip222Test" name="fiyyTest" time="0.191"/>
  <testcase classname="alwayspracticehere.Makemytrip222Test" name="fillllTest" time="0.174"/>
</testsuite> <!-- alwayspracticehere.Makemytrip222Test -->
