<?xml version="1.0" encoding="UTF-8"?>
<!-- Generated by org.testng.reporters.JUnitReportReporter -->
<testsuite hostname="Pragti" failures="0" tests="2" name="com.qa.tests.titleTest" time="0.183" errors="0" timestamp="2024-05-11T17:11:46 IST" skipped="0">
  <testcase classname="com.qa.tests.titleTest" name="fTest" time="0.138"/>
  <testcase classname="com.qa.tests.titleTest" name="fjkkTest" time="0.045"/>
</testsuite> <!-- com.qa.tests.titleTest -->
