<?xml version="1.0" encoding="UTF-8"?>
<!-- Generated by org.testng.reporters.JUnitReportReporter -->
<testsuite hostname="Pragti" failures="0" tests="1" name="alwayspracticehere.NewuuuuTest" time="0.881" errors="0" timestamp="2024-07-31T12:19:48 IST" skipped="0">
  <testcase classname="alwayspracticehere.NewuuuuTest" name="getTest" time="0.881"/>
</testsuite> <!-- alwayspracticehere.NewuuuuTest -->
