<?xml version="1.0" encoding="UTF-8"?>
<!-- Generated by org.testng.reporters.JUnitReportReporter -->
<testsuite hostname="Pragti" failures="0" tests="4" name="alwayspracticehere.dropdownTest" time="5.086" errors="0" timestamp="2024-05-03T14:10:10 IST" skipped="0">
  <testcase classname="alwayspracticehere.dropdownTest" name="fjl5Test" time="0.004"/>
  <testcase classname="alwayspracticehere.dropdownTest" name="fTest" time="4.700"/>
  <testcase classname="alwayspracticehere.dropdownTest" name="fjTest" time="0.152"/>
  <testcase classname="alwayspracticehere.dropdownTest" name="fjlTest" time="0.230"/>
</testsuite> <!-- alwayspracticehere.dropdownTest -->
