<?xml version="1.0" encoding="UTF-8"?>
<!-- Generated by org.testng.reporters.JUnitReportReporter -->
<testsuite hostname="Pragti" failures="0" tests="1" name="alwayspracticehere.Newc333Test" time="0.959" errors="0" timestamp="2024-07-15T11:29:30 IST" skipped="0">
  <testcase classname="alwayspracticehere.Newc333Test" name="fTest" time="0.959"/>
</testsuite> <!-- alwayspracticehere.Newc333Test -->
