<?xml version="1.0" encoding="UTF-8"?>
<!-- Generated by org.testng.reporters.JUnitReportReporter -->
<testsuite hostname="Pragti" failures="0" tests="2" name="com.qa.tests.dataprovider4Test" time="1.042" errors="0" timestamp="2024-04-06T11:59:19 IST" skipped="0">
  <testcase classname="com.qa.tests.dataprovider4Test" name="f" time="0.578"/>
  <testcase classname="com.qa.tests.dataprovider4Test" name="f" time="0.464"/>
</testsuite> <!-- com.qa.tests.dataprovider4Test -->
