<?xml version="1.0" encoding="UTF-8"?>
<!-- Generated by org.testng.reporters.JUnitReportReporter -->
<testsuite hostname="Pragti" failures="0" tests="1" name="com.qa.tests.NewcTest" time="0.303" errors="0" timestamp="2024-07-10T14:29:18 IST" skipped="0">
  <testcase classname="com.qa.tests.NewcTest" name="fTest" time="0.303"/>
</testsuite> <!-- com.qa.tests.NewcTest -->
