<?xml version="1.0" encoding="UTF-8"?>
<!-- Generated by org.testng.reporters.JUnitReportReporter -->
<testsuite hostname="Pragti" failures="0" tests="1" name="com.qa.tests.disablenotifica11Test" time="2.762" errors="0" timestamp="2024-09-30T09:46:17 IST" skipped="0">
  <testcase classname="com.qa.tests.disablenotifica11Test" name="ffrTest" time="2.762"/>
</testsuite> <!-- com.qa.tests.disablenotifica11Test -->
