<?xml version="1.0" encoding="UTF-8"?>
<!-- Generated by org.testng.reporters.JUnitReportReporter -->
<testsuite hostname="Pragti" failures="0" tests="1" name="com.qa.tests.GlobalTest" time="0.420" errors="0" timestamp="2024-08-22T15:13:32 IST" skipped="0">
  <testcase classname="com.qa.tests.GlobalTest" name="ee3Test" time="0.420"/>
</testsuite> <!-- com.qa.tests.GlobalTest -->
