<?xml version="1.0" encoding="UTF-8"?>
<!-- Generated by org.testng.reporters.JUnitReportReporter -->
<testsuite hostname="Pragti" failures="0" tests="1" name="com.qa.tests.today28march1Test" time="1.058" errors="0" timestamp="2024-04-05T14:44:55 IST" skipped="0">
  <testcase classname="com.qa.tests.today28march1Test" name="setTest" time="1.058"/>
</testsuite> <!-- com.qa.tests.today28march1Test -->
