<?xml version="1.0" encoding="UTF-8"?>
<!-- Generated by org.testng.reporters.JUnitReportReporter -->
<testsuite hostname="Pragti" failures="0" tests="1" name="advanceconcepts.NewjTest" time="9.840" errors="0" timestamp="2024-06-27T16:41:16 IST" skipped="0">
  <testcase classname="advanceconcepts.NewjTest" name="fTest" time="9.840"/>
</testsuite> <!-- advanceconcepts.NewjTest -->
