<?xml version="1.0" encoding="UTF-8"?>
<!-- Generated by org.testng.reporters.JUnitReportReporter -->
<testsuite hostname="Pragti" failures="0" tests="1" name="com.qa.tests.verizonTest" time="0.239" errors="0" timestamp="2024-07-12T13:20:27 IST" skipped="0">
  <testcase classname="com.qa.tests.verizonTest" name="fTest" time="0.239"/>
</testsuite> <!-- com.qa.tests.verizonTest -->
