<?xml version="1.0" encoding="UTF-8"?>
<!-- Generated by org.testng.reporters.JUnitReportReporter -->
<testsuite hostname="Pragti" failures="0" tests="4" name="com.qa.tests.NewfffcchromeptinsTest" time="0.209" errors="0" timestamp="2024-07-12T13:15:43 IST" skipped="0">
  <testcase classname="com.qa.tests.NewfffcchromeptinsTest" name="fTest" time="0.165"/>
  <testcase classname="com.qa.tests.NewfffcchromeptinsTest" name="flkTest" time="0.016"/>
  <testcase classname="com.qa.tests.NewfffcchromeptinsTest" name="flTest" time="0.007"/>
  <testcase classname="com.qa.tests.NewfffcchromeptinsTest" name="friommTest" time="0.021"/>
</testsuite> <!-- com.qa.tests.NewfffcchromeptinsTest -->
