<?xml version="1.0" encoding="UTF-8"?>
<!-- Generated by org.testng.reporters.JUnitReportReporter -->
<testsuite hostname="Pragti" failures="0" tests="5" name="com.qa.tests.ttTest" time="0.590" errors="0" timestamp="2024-09-20T10:53:59 IST" skipped="0">
  <testcase classname="com.qa.tests.ttTest" name="fTest" time="0.419"/>
  <testcase classname="com.qa.tests.ttTest" name="fyTest" time="0.017"/>
  <testcase classname="com.qa.tests.ttTest" name="fyyTest" time="0.041"/>
  <testcase classname="com.qa.tests.ttTest" name="fyyooTest" time="0.048"/>
  <testcase classname="com.qa.tests.ttTest" name="fyyiTest" time="0.065"/>
</testsuite> <!-- com.qa.tests.ttTest -->
