<?xml version="1.0" encoding="UTF-8"?>
<!-- Generated by org.testng.reporters.JUnitReportReporter -->
<testsuite hostname="Pragti" failures="0" tests="1" name="com.qa.tests.NewdTest" time="0.264" errors="0" timestamp="2024-06-18T13:36:04 IST" skipped="0">
  <testcase classname="com.qa.tests.NewdTest" name="fTest" time="0.264"/>
</testsuite> <!-- com.qa.tests.NewdTest -->
