<?xml version="1.0" encoding="UTF-8"?>
<!-- Generated by org.testng.reporters.JUnitReportReporter -->
<testsuite hostname="Pragti" failures="0" tests="1" name="com.qa.tests.NewTcTest" time="0.334" errors="0" timestamp="2024-08-05T10:45:09 IST" skipped="0">
  <testcase classname="com.qa.tests.NewTcTest" name="fTest" time="0.334"/>
</testsuite> <!-- com.qa.tests.NewTcTest -->
