<?xml version="1.0" encoding="UTF-8"?>
<!-- Generated by org.testng.reporters.JUnitReportReporter -->
<testsuite hostname="Pragti" failures="0" tests="2" name="com.qa.tests.StratbeansTest" time="0.231" errors="0" timestamp="2024-12-03T19:04:29 IST" skipped="0">
  <testcase classname="com.qa.tests.StratbeansTest" name="urlTest" time="0.159"/>
  <testcase classname="com.qa.tests.StratbeansTest" name="titleTest" time="0.072"/>
</testsuite> <!-- com.qa.tests.StratbeansTest -->
