<?xml version="1.0" encoding="UTF-8"?>
<!-- Generated by org.testng.reporters.JUnitReportReporter -->
<testsuite hostname="Pragti" failures="0" tests="1" name="com.qa.tests.NetttwTest" time="0.146" errors="0" timestamp="2024-07-25T12:09:11 IST" skipped="0">
  <testcase classname="com.qa.tests.NetttwTest" name="fTest" time="0.146"/>
</testsuite> <!-- com.qa.tests.NetttwTest -->
