<?xml version="1.0" encoding="UTF-8"?>
<!-- Generated by org.testng.reporters.JUnitReportReporter -->
<testsuite hostname="Pragti" failures="0" tests="1" name="alwayspracticehere.createclickTest" time="3.037" errors="0" timestamp="2024-07-18T11:53:56 IST" skipped="0">
  <testcase classname="alwayspracticehere.createclickTest" name="fTest" time="3.037"/>
</testsuite> <!-- alwayspracticehere.createclickTest -->
