<?xml version="1.0" encoding="UTF-8"?>
<!-- Generated by org.testng.reporters.JUnitReportReporter -->
<testsuite hostname="Pragti" failures="0" tests="1" name="alwayspracticehere.DynamictablexpathTest" time="0.233" errors="0" timestamp="2024-07-18T15:24:15 IST" skipped="0">
  <testcase classname="alwayspracticehere.DynamictablexpathTest" name="fTest" time="0.233"/>
</testsuite> <!-- alwayspracticehere.DynamictablexpathTest -->
