<?xml version="1.0" encoding="UTF-8"?>
<!-- Generated by org.testng.reporters.JUnitReportReporter -->
<testsuite hostname="Pragti" failures="0" tests="1" name="com.qa.tests.NewcccTest" time="0.401" errors="0" timestamp="2024-04-22T15:18:26 IST" skipped="0">
  <testcase classname="com.qa.tests.NewcccTest" name="fTest" time="0.401"/>
</testsuite> <!-- com.qa.tests.NewcccTest -->
