<?xml version="1.0" encoding="UTF-8"?>
<!-- Generated by org.testng.reporters.JUnitReportReporter -->
<testsuite hostname="Pragti" failures="0" tests="2" name="advanceconcepts.NewTest" time="11.077" errors="0" timestamp="2024-06-26T10:51:09 IST" skipped="0">
  <testcase classname="advanceconcepts.NewTest" name="fuTest" time="7.355"/>
  <testcase classname="advanceconcepts.NewTest" name="fTest" time="3.722"/>
</testsuite> <!-- advanceconcepts.NewTest -->
