<?xml version="1.0" encoding="UTF-8"?>
<!-- Generated by org.testng.reporters.JUnitReportReporter -->
<testsuite hostname="Pragti" failures="0" tests="1" name="com.qa.tests.keysclasspracticeTest" time="4.659" errors="0" timestamp="2024-09-02T12:38:11 IST" skipped="0">
  <testcase classname="com.qa.tests.keysclasspracticeTest" name="fTest" time="4.659"/>
</testsuite> <!-- com.qa.tests.keysclasspracticeTest -->
