<?xml version="1.0" encoding="UTF-8"?>
<!-- Generated by org.testng.reporters.JUnitReportReporter -->
<testsuite hostname="Pragti" failures="0" tests="1" name="com.qa.tests.alllinksTest" time="0.153" errors="0" timestamp="2024-07-25T15:44:07 IST" skipped="0">
  <testcase classname="com.qa.tests.alllinksTest" name="fyyTest" time="0.153"/>
</testsuite> <!-- com.qa.tests.alllinksTest -->
