<?xml version="1.0" encoding="UTF-8"?>
<!-- Generated by org.testng.reporters.JUnitReportReporter -->
<testsuite hostname="Pragti" failures="0" tests="1" name="com.qa.tests.randompopuphan" time="0.141" errors="0" timestamp="2024-06-12T12:09:11 IST" skipped="0">
  <testcase classname="com.qa.tests.randompopuphan" name="handleTest" time="0.141"/>
</testsuite> <!-- com.qa.tests.randompopuphan -->
