<?xml version="1.0" encoding="UTF-8"?>
<!-- Generated by org.testng.reporters.JUnitReportReporter -->
<testsuite hostname="Pragti" failures="0" tests="1" name="advanceconcepts.RelativeLocatorsTest" time="1.642" errors="0" timestamp="2024-07-15T15:56:12 IST" skipped="0">
  <testcase classname="advanceconcepts.RelativeLocatorsTest" name="fTest" time="1.642"/>
</testsuite> <!-- advanceconcepts.RelativeLocatorsTest -->
