<?xml version="1.0" encoding="UTF-8"?>
<!-- Generated by org.testng.reporters.JUnitReportReporter -->
<testsuite hostname="Pragti" failures="0" tests="1" name="advanceconcepts.ChromeoptionsheadlessmodeTest" time="20.496" errors="0" timestamp="2024-09-27T15:59:31 IST" skipped="0">
  <testcase classname="advanceconcepts.ChromeoptionsheadlessmodeTest" name="fTest" time="20.496"/>
</testsuite> <!-- advanceconcepts.ChromeoptionsheadlessmodeTest -->
