<?xml version="1.0" encoding="UTF-8"?>
<!-- Generated by org.testng.reporters.JUnitReportReporter -->
<testsuite hostname="Pragti" failures="0" tests="8" name="com.qa.tests.NqTest" time="0.716" errors="0" timestamp="2024-10-10T13:05:32 IST" skipped="0">
  <testcase classname="com.qa.tests.NqTest" name="f4Test" time="0.055"/>
  <testcase classname="com.qa.tests.NqTest" name="f7Test" time="0.225"/>
  <testcase classname="com.qa.tests.NqTest" name="fTest" time="0.188"/>
  <testcase classname="com.qa.tests.NqTest" name="f3Test" time="0.045"/>
  <testcase classname="com.qa.tests.NqTest" name="f2Test" time="0.032"/>
  <testcase classname="com.qa.tests.NqTest" name="f5Test" time="0.019"/>
  <testcase classname="com.qa.tests.NqTest" name="f6Test" time="0.045"/>
  <testcase classname="com.qa.tests.NqTest" name="f1Test" time="0.107"/>
</testsuite> <!-- com.qa.tests.NqTest -->
