<?xml version="1.0" encoding="UTF-8"?>
<!-- Generated by org.testng.reporters.JUnitReportReporter -->
<testsuite hostname="Pragti" failures="0" tests="1" name="keyspractice.Keys2Test" time="21.398" errors="0" timestamp="2024-08-27T19:23:05 IST" skipped="0">
  <testcase classname="keyspractice.Keys2Test" name="get4Test" time="21.398"/>
</testsuite> <!-- keyspractice.Keys2Test -->
