<?xml version="1.0" encoding="UTF-8"?>
<!-- Generated by org.testng.reporters.JUnitReportReporter -->
<testsuite hostname="Pragti" failures="0" tests="1" name="alwayspracticehere.CookiespracTest" time="0.526" errors="0" timestamp="2024-09-13T14:34:26 IST" skipped="0">
  <testcase classname="alwayspracticehere.CookiespracTest" name="fTest" time="0.526"/>
</testsuite> <!-- alwayspracticehere.CookiespracTest -->
