<?xml version="1.0" encoding="UTF-8"?>
<!-- Generated by org.testng.reporters.JUnitReportReporter -->
<testsuite hostname="Pragti" failures="0" tests="3" name="parallelexecutionandcrossbrowsertesting.parallelTest" time="66.986" errors="0" timestamp="2024-04-02T16:52:42 IST" skipped="0">
  <testcase classname="parallelexecutionandcrossbrowsertesting.parallelTest" name="elementedgeTest" time="20.946"/>
  <testcase classname="parallelexecutionandcrossbrowsertesting.parallelTest" name="titleChromeTest" time="20.910"/>
  <testcase classname="parallelexecutionandcrossbrowsertesting.parallelTest" name="urlfirefoxTest" time="25.130"/>
</testsuite> <!-- parallelexecutionandcrossbrowsertesting.parallelTest -->
