<?xml version="1.0" encoding="UTF-8"?>
<!-- Generated by org.testng.reporters.JUnitReportReporter -->
<testsuite hostname="Pragti" failures="0" tests="2" name="com.qa.tests.javascriptexeTest" time="0.187" errors="0" timestamp="2024-07-26T17:33:56 IST" skipped="0">
  <testcase classname="com.qa.tests.javascriptexeTest" name="fTest" time="0.133"/>
  <testcase classname="com.qa.tests.javascriptexeTest" name="flTest" time="0.054"/>
</testsuite> <!-- com.qa.tests.javascriptexeTest -->
