<?xml version="1.0" encoding="UTF-8"?>
<!-- Generated by org.testng.reporters.JUnitReportReporter -->
<testsuite hostname="Pragti" failures="0" tests="2" name="alwayspracticehere.parallel2222Test" time="0.192" errors="0" timestamp="2024-04-11T09:52:01 IST" skipped="0">
  <testcase classname="alwayspracticehere.parallel2222Test" name="sTest" time="0.169"/>
  <testcase classname="alwayspracticehere.parallel2222Test" name="sTest" time="0.023"/>
</testsuite> <!-- alwayspracticehere.parallel2222Test -->
