<?xml version="1.0" encoding="UTF-8"?>
<!-- Generated by org.testng.reporters.JUnitReportReporter -->
<testsuite hostname="Pragti" failures="0" tests="1" name="makemytrip.New1Test" time="1.787" errors="0" timestamp="2024-06-12T16:03:21 IST" skipped="0">
  <testcase classname="makemytrip.New1Test" name="fTest" time="1.787"/>
</testsuite> <!-- makemytrip.New1Test -->
