<?xml version="1.0" encoding="UTF-8"?>
<!-- Generated by org.testng.reporters.JUnitReportReporter -->
<testsuite hostname="Pragti" failures="0" tests="2" name="alwayspracticehere.TestngclasspracticeTest" time="15.817" errors="0" timestamp="2024-05-01T14:31:37 IST" skipped="0">
  <testcase classname="alwayspracticehere.TestngclasspracticeTest" name="fTest" time="9.222"/>
  <testcase classname="alwayspracticehere.TestngclasspracticeTest" name="fiTest" time="6.595"/>
</testsuite> <!-- alwayspracticehere.TestngclasspracticeTest -->
