<?xml version="1.0" encoding="UTF-8"?>
<!-- Generated by org.testng.reporters.JUnitReportReporter -->
<testsuite hostname="Pragti" failures="0" tests="2" name="advanceconcepts.Para2Test" time="0.159" errors="0" timestamp="2024-06-25T18:01:01 IST" skipped="0">
  <testcase classname="advanceconcepts.Para2Test" name="f1Test" time="0.151"/>
  <testcase classname="advanceconcepts.Para2Test" name="fTest" time="0.008"/>
</testsuite> <!-- advanceconcepts.Para2Test -->
