<?xml version="1.0" encoding="UTF-8"?>
<!-- Generated by org.testng.reporters.JUnitReportReporter -->
<testsuite hostname="Pragti" failures="0" tests="1" name="alwayspracticehere.New444Test" time="12.259" errors="0" timestamp="2024-11-27T15:12:04 IST" skipped="0">
  <testcase classname="alwayspracticehere.New444Test" name="fTest" time="12.259"/>
</testsuite> <!-- alwayspracticehere.New444Test -->
