<?xml version="1.0" encoding="UTF-8"?>
<!-- Generated by org.testng.reporters.JUnitReportReporter -->
<testsuite hostname="Pragti" failures="0" tests="1" name="waste.autosuggestTest" time="14.188" errors="0" timestamp="2024-07-09T12:53:48 IST" skipped="0">
  <testcase classname="waste.autosuggestTest" name="fTest" time="14.188"/>
</testsuite> <!-- waste.autosuggestTest -->
