<?xml version="1.0" encoding="UTF-8"?>
<!-- Generated by org.testng.reporters.JUnitReportReporter -->
<testsuite hostname="Pragti" failures="0" tests="1" name="com.qa.tests.RandompopuphandlingTest" time="1.135" errors="0" timestamp="2024-06-11T10:40:43 IST" skipped="0">
  <testcase classname="com.qa.tests.RandompopuphandlingTest" name="RandomTest" time="1.135"/>
</testsuite> <!-- com.qa.tests.RandompopuphandlingTest -->
