<?xml version="1.0" encoding="UTF-8"?>
<!-- Generated by org.testng.reporters.JUnitReportReporter -->
<testsuite hostname="Pragti" failures="0" tests="3" name="alwayspracticehere.SelectorshubTest" time="1.366" errors="0" timestamp="2024-09-14T09:34:15 IST" skipped="0">
  <testcase classname="alwayspracticehere.SelectorshubTest" name="fTest" time="1.299"/>
  <testcase classname="alwayspracticehere.SelectorshubTest" name="fuTest" time="0.051"/>
  <testcase classname="alwayspracticehere.SelectorshubTest" name="fjjTest" time="0.016"/>
</testsuite> <!-- alwayspracticehere.SelectorshubTest -->
