<?xml version="1.0" encoding="UTF-8"?>
<!-- Generated by org.testng.reporters.JUnitReportReporter -->
<testsuite hostname="Pragti" failures="0" tests="3" name="com.qa.tests.yhTest" time="0.795" errors="0" timestamp="2024-09-24T17:15:04 IST" skipped="0">
  <testcase classname="com.qa.tests.yhTest" name="ftTest" time="0.362"/>
  <testcase classname="com.qa.tests.yhTest" name="f6Test" time="0.295"/>
  <testcase classname="com.qa.tests.yhTest" name="fTest" time="0.138"/>
</testsuite> <!-- com.qa.tests.yhTest -->
