<?xml version="1.0" encoding="UTF-8"?>
<!-- Generated by org.testng.reporters.JUnitReportReporter -->
<testsuite hostname="Pragti" failures="0" tests="1" name="alwayspracticehere.dataproviderttTest" time="0.179" errors="0" timestamp="2024-04-12T13:31:33 IST" skipped="0">
  <testcase classname="alwayspracticehere.dataproviderttTest" name="fTest" time="0.179"/>
</testsuite> <!-- alwayspracticehere.dataproviderttTest -->
