<?xml version="1.0" encoding="UTF-8"?>
<!-- Generated by org.testng.reporters.JUnitReportReporter -->
<testsuite hostname="Pragti" failures="0" tests="2" name="com.qa.tests.NewTest" time="0.323" errors="0" timestamp="2024-03-30T17:37:49 IST" skipped="0">
  <testcase classname="com.qa.tests.NewTest" name="fTest" time="0.301"/>
  <testcase classname="com.qa.tests.NewTest" name="fuTest" time="0.022"/>
</testsuite> <!-- com.qa.tests.NewTest -->
