<?xml version="1.0" encoding="UTF-8"?>
<!-- Generated by org.testng.reporters.JUnitReportReporter -->
<testsuite hostname="Pragti" failures="0" tests="1" name="com.qa.tests.SVGTest" time="0.146" errors="0" timestamp="2024-06-17T16:41:12 IST" skipped="0">
  <testcase classname="com.qa.tests.SVGTest" name="fTest" time="0.146"/>
</testsuite> <!-- com.qa.tests.SVGTest -->
