<?xml version="1.0" encoding="UTF-8"?>
<!-- Generated by org.testng.reporters.JUnitReportReporter -->
<testsuite hostname="Pragti" failures="0" tests="1" name="overridingusgaeinurframework.NerrTest" time="0.188" errors="0" timestamp="2024-10-15T12:20:35 IST" skipped="0">
  <testcase classname="overridingusgaeinurframework.NerrTest" name="fjjiTest" time="0.188"/>
</testsuite> <!-- overridingusgaeinurframework.NerrTest -->
