<?xml version="1.0" encoding="UTF-8"?>
<!-- Generated by org.testng.reporters.JUnitReportReporter -->
<testsuite hostname="Pragti" failures="0" tests="1" name="com.qa.tests.Globalqa1Test" time="0.171" errors="0" timestamp="2024-08-23T14:48:51 IST" skipped="0">
  <testcase classname="com.qa.tests.Globalqa1Test" name="fTest" time="0.171"/>
</testsuite> <!-- com.qa.tests.Globalqa1Test -->
