<?xml version="1.0" encoding="UTF-8"?>
<!-- Generated by org.testng.reporters.JUnitReportReporter -->
<testsuite hostname="Pragti" failures="0" tests="4" name="com.qa.tests.New66Test" time="3.665" errors="0" timestamp="2024-09-27T11:47:36 IST" skipped="0">
  <testcase classname="com.qa.tests.New66Test" name="FeeTest" time="0.021"/>
  <testcase classname="com.qa.tests.New66Test" name="FTest" time="3.039"/>
  <testcase classname="com.qa.tests.New66Test" name="F77Test" time="0.575"/>
  <testcase classname="com.qa.tests.New66Test" name="FrTest" time="0.030"/>
</testsuite> <!-- com.qa.tests.New66Test -->
