<?xml version="1.0" encoding="UTF-8"?>
<!-- Generated by org.testng.reporters.JUnitReportReporter -->
<testsuite hostname="Pragti" failures="0" tests="3" name="wa.NewTjjest" time="4.186" errors="0" timestamp="2024-07-23T17:37:15 IST" skipped="0">
  <testcase classname="wa.NewTjjest" name="flllTest" time="0.058"/>
  <testcase classname="wa.NewTjjest" name="fkTest" time="0.044"/>
  <testcase classname="wa.NewTjjest" name="fTest" time="4.084"/>
</testsuite> <!-- wa.NewTjjest -->
