<?xml version="1.0" encoding="UTF-8"?>
<!-- Generated by org.testng.reporters.JUnitReportReporter -->
<testsuite hostname="Pragti" failures="0" tests="1" name="com.qa.tests.disablenotifica11Test" time="0.137" errors="0" timestamp="2024-04-11T15:55:45 IST" skipped="0">
  <testcase classname="com.qa.tests.disablenotifica11Test" name="fTest" time="0.137"/>
</testsuite> <!-- com.qa.tests.disablenotifica11Test -->
