<?xml version="1.0" encoding="UTF-8"?>
<!-- Generated by org.testng.reporters.JUnitReportReporter -->
<testsuite hostname="Pragti" failures="0" tests="1" name="scenriobased.Windowhandling" time="17.714" errors="0" timestamp="2024-06-01T15:07:22 IST" skipped="0">
  <testcase classname="scenriobased.Windowhandling" name="gTest" time="17.714"/>
</testsuite> <!-- scenriobased.Windowhandling -->
