<?xml version="1.0" encoding="UTF-8"?>
<!-- Generated by org.testng.reporters.JUnitReportReporter -->
<testsuite hostname="Pragti" failures="0" tests="1" name="ooo.GlobalSQ1Test" time="29.002" errors="0" timestamp="2024-08-29T16:21:07 IST" skipped="0">
  <testcase classname="ooo.GlobalSQ1Test" name="search1Test" time="29.002"/>
</testsuite> <!-- ooo.GlobalSQ1Test -->
