<?xml version="1.0" encoding="UTF-8"?>
<!-- Generated by org.testng.reporters.JUnitReportReporter -->
<testsuite hostname="Pragti" failures="0" tests="3" name="testngclasspractice.NewTest" time="3.337" errors="0" timestamp="2024-08-21T12:52:36 IST" skipped="0">
  <testcase classname="testngclasspractice.NewTest" name="fTest" time="1.729"/>
  <testcase classname="testngclasspractice.NewTest" name="fTest" time="0.832"/>
  <testcase classname="testngclasspractice.NewTest" name="fTest" time="0.776"/>
</testsuite> <!-- testngclasspractice.NewTest -->
