<?xml version="1.0" encoding="UTF-8"?>
<!-- Generated by org.testng.reporters.JUnitReportReporter -->
<testsuite hostname="Pragti" failures="0" tests="4" name="com.qa.tests.GroupingTest" time="0.150" errors="0" timestamp="2024-05-23T17:17:56 IST" skipped="0">
  <testcase classname="com.qa.tests.GroupingTest" name="fTest" time="0.006"/>
  <testcase classname="com.qa.tests.GroupingTest" name="f3Test" time="0.004"/>
  <testcase classname="com.qa.tests.GroupingTest" name="f1Test" time="0.136"/>
  <testcase classname="com.qa.tests.GroupingTest" name="f4Test" time="0.004"/>
</testsuite> <!-- com.qa.tests.GroupingTest -->
