<?xml version="1.0" encoding="UTF-8"?>
<!-- Generated by org.testng.reporters.JUnitReportReporter -->
<testsuite hostname="Pragti" failures="0" tests="1" name="keyspractice.Keys1Test" time="6.607" errors="0" timestamp="2024-08-27T15:11:49 IST" skipped="0">
  <testcase classname="keyspractice.Keys1Test" name="fTest" time="6.607"/>
</testsuite> <!-- keyspractice.Keys1Test -->
