<?xml version="1.0" encoding="UTF-8"?>
<!-- Generated by org.testng.reporters.JUnitReportReporter -->
<testsuite hostname="Pragti" failures="0" tests="1" name="advanceconcepts.SelectclassallfunctionsTest" time="6.423" errors="0" timestamp="2024-07-19T15:31:05 IST" skipped="0">
  <testcase classname="advanceconcepts.SelectclassallfunctionsTest" name="fTest" time="6.423"/>
</testsuite> <!-- advanceconcepts.SelectclassallfunctionsTest -->
