<?xml version="1.0" encoding="UTF-8"?>
<!-- Generated by org.testng.reporters.JUnitReportReporter -->
<testsuite hostname="Pragti" failures="0" tests="1" name="alwayspracticehere.JDBCpracticeTest" time="0.890" errors="0" timestamp="2024-08-01T15:31:20 IST" skipped="0">
  <testcase classname="alwayspracticehere.JDBCpracticeTest" name="fTest" time="0.890"/>
</testsuite> <!-- alwayspracticehere.JDBCpracticeTest -->
