<?xml version="1.0" encoding="UTF-8"?>
<!-- Generated by org.testng.reporters.JUnitReportReporter -->
<testsuite hostname="Pragti" failures="0" tests="3" name="alwayspracticehere.AssertionallmtdsTest" time="13.903" errors="0" timestamp="2024-11-26T14:40:47 IST" skipped="0">
  <testcase classname="alwayspracticehere.AssertionallmtdsTest" name="fiTest" time="0.215"/>
  <testcase classname="alwayspracticehere.AssertionallmtdsTest" name="fiuTest" time="13.680"/>
  <testcase classname="alwayspracticehere.AssertionallmtdsTest" name="fkkTest" time="0.008"/>
</testsuite> <!-- alwayspracticehere.AssertionallmtdsTest -->
