<?xml version="1.0" encoding="UTF-8"?>
<!-- Generated by org.testng.reporters.JUnitReportReporter -->
<testsuite hostname="Pragti" failures="0" tests="11" name="com.qa.tests.BTest" time="2.321" errors="0" timestamp="2024-10-17T13:13:51 IST" skipped="0">
  <testcase classname="com.qa.tests.BTest" name="fTest" time="1.434"/>
  <testcase classname="com.qa.tests.BTest" name="fTest" time="0.065"/>
  <testcase classname="com.qa.tests.BTest" name="fTest" time="0.068"/>
  <testcase classname="com.qa.tests.BTest" name="fTest" time="0.060"/>
  <testcase classname="com.qa.tests.BTest" name="fTest" time="0.119"/>
  <testcase classname="com.qa.tests.BTest" name="fTest" time="0.129"/>
  <testcase classname="com.qa.tests.BTest" name="fTest" time="0.066"/>
  <testcase classname="com.qa.tests.BTest" name="fTest" time="0.170"/>
  <testcase classname="com.qa.tests.BTest" name="fTest" time="0.055"/>
  <testcase classname="com.qa.tests.BTest" name="fTest" time="0.084"/>
  <testcase classname="com.qa.tests.BTest" name="fTest" time="0.071"/>
</testsuite> <!-- com.qa.tests.BTest -->
