<?xml version="1.0" encoding="UTF-8"?>
<!-- Generated by org.testng.reporters.JUnitReportReporter -->
<testsuite hostname="Pragti" failures="0" tests="2" name="com.qa.tests.MakemytripdddTest" time="0.752" errors="0" timestamp="2024-09-16T16:52:10 IST" skipped="0">
  <testcase classname="com.qa.tests.MakemytripdddTest" name="getURLTest" time="0.019"/>
  <testcase classname="com.qa.tests.MakemytripdddTest" name="fTest" time="0.733"/>
</testsuite> <!-- com.qa.tests.MakemytripdddTest -->
