<?xml version="1.0" encoding="UTF-8"?>
<!-- Generated by org.testng.reporters.JUnitReportReporter -->
<testsuite hostname="Pragti" failures="0" tests="1" name="sessionhadling.SessionIdTest" time="7.880" errors="0" timestamp="2024-06-10T15:29:27 IST" skipped="0">
  <testcase classname="sessionhadling.SessionIdTest" name="fTest" time="7.880"/>
</testsuite> <!-- sessionhadling.SessionIdTest -->
