<?xml version="1.0" encoding="UTF-8"?>
<!-- Generated by org.testng.reporters.JUnitReportReporter -->
<testsuite hostname="Pragti" failures="0" tests="5" name="com.qa.tests.Globalqa1Test" time="3.455" errors="0" timestamp="2024-08-22T13:31:17 IST" skipped="0">
  <testcase classname="com.qa.tests.Globalqa1Test" name="fTest" time="0.085"/>
  <testcase classname="com.qa.tests.Globalqa1Test" name="fTest" time="0.287"/>
  <testcase classname="com.qa.tests.Globalqa1Test" name="fTest" time="2.987"/>
  <testcase classname="com.qa.tests.Globalqa1Test" name="fTest" time="0.048"/>
  <testcase classname="com.qa.tests.Globalqa1Test" name="fTest" time="0.048"/>
</testsuite> <!-- com.qa.tests.Globalqa1Test -->
