<?xml version="1.0" encoding="UTF-8"?>
<!-- Generated by org.testng.reporters.JUnitReportReporter -->
<testsuite hostname="Pragti" failures="0" tests="1" name="com.qa.tests.WindowhandlesTest" time="2.790" errors="0" timestamp="2024-06-17T18:20:59 IST" skipped="0">
  <testcase classname="com.qa.tests.WindowhandlesTest" name="fTest" time="2.790"/>
</testsuite> <!-- com.qa.tests.WindowhandlesTest -->
