<?xml version="1.0" encoding="UTF-8"?>
<!-- Generated by org.testng.reporters.JUnitReportReporter -->
<testsuite hostname="Pragti" failures="0" tests="1" name="com.qa.tests.CSSselector1Test" time="1.682" errors="0" timestamp="2024-10-01T08:48:56 IST" skipped="0">
  <testcase classname="com.qa.tests.CSSselector1Test" name="fTest" time="1.682"/>
</testsuite> <!-- com.qa.tests.CSSselector1Test -->
