<?xml version="1.0" encoding="UTF-8"?>
<!-- Generated by org.testng.reporters.JUnitReportReporter -->
<testsuite hostname="Pragti" failures="0" tests="2" name="com.qa.tests.NemzscbciiwTest" time="3.375" errors="0" timestamp="2024-12-02T11:29:58 IST" skipped="0">
  <testcase classname="com.qa.tests.NemzscbciiwTest" name="fiTest" time="1.929"/>
  <testcase classname="com.qa.tests.NemzscbciiwTest" name="fTest" time="1.446"/>
</testsuite> <!-- com.qa.tests.NemzscbciiwTest -->
