<?xml version="1.0" encoding="UTF-8"?>
<!-- Generated by org.testng.reporters.JUnitReportReporter -->
<testsuite hostname="Pragti" failures="0" tests="1" name="alwayspracticehere.NewrTest" time="11.641" errors="0" timestamp="2024-08-08T17:34:45 IST" skipped="0">
  <testcase classname="alwayspracticehere.NewrTest" name="fTest" time="11.641"/>
</testsuite> <!-- alwayspracticehere.NewrTest -->
