<?xml version="1.0" encoding="UTF-8"?>
<!-- Generated by org.testng.reporters.JUnitReportReporter -->
<testsuite hostname="Pragti" failures="0" tests="1" name="com.qa.tests.Cookies222Test" time="0.804" errors="0" timestamp="2024-09-16T15:19:33 IST" skipped="0">
  <testcase classname="com.qa.tests.Cookies222Test" name="getsssTest" time="0.804"/>
</testsuite> <!-- com.qa.tests.Cookies222Test -->
