<?xml version="1.0" encoding="UTF-8"?>
<!-- Generated by org.testng.reporters.JUnitReportReporter -->
<testsuite hostname="Pragti" failures="0" tests="1" name="com.qa.tests.FileuploadingTest" time="2.085" errors="0" timestamp="2024-05-23T14:52:56 IST" skipped="0">
  <testcase classname="com.qa.tests.FileuploadingTest" name="fTest" time="2.085"/>
</testsuite> <!-- com.qa.tests.FileuploadingTest -->
