<?xml version="1.0" encoding="UTF-8"?>
<!-- Generated by org.testng.reporters.JUnitReportReporter -->
<testsuite hostname="Pragti" failures="0" tests="3" name="com.qa.tests.NewooTest" time="1.118" errors="0" timestamp="2024-04-06T14:06:05 IST" skipped="0">
  <testcase classname="com.qa.tests.NewooTest" name="FuTest" time="0.611"/>
  <testcase classname="com.qa.tests.NewooTest" name="FuTest" time="0.461"/>
  <testcase classname="com.qa.tests.NewooTest" name="FtTest" time="0.046"/>
</testsuite> <!-- com.qa.tests.NewooTest -->
