<?xml version="1.0" encoding="UTF-8"?>
<!-- Generated by org.testng.reporters.JUnitReportReporter -->
<testsuite hostname="Pragti" failures="0" tests="2" name="alwayspracticehere.SBITest" time="2.309" errors="0" timestamp="2024-11-25T15:36:12 IST" skipped="0">
  <testcase classname="alwayspracticehere.SBITest" name="getTest" time="2.241"/>
  <testcase classname="alwayspracticehere.SBITest" name="getnnTest" time="0.068"/>
</testsuite> <!-- alwayspracticehere.SBITest -->
