<?xml version="1.0" encoding="UTF-8"?>
<!-- Generated by org.testng.reporters.JUnitReportReporter -->
<testsuite hostname="Pragti" failures="0" tests="2" name="alwayspracticehere.Extentrep5Test" time="0.602" errors="0" timestamp="2024-09-19T12:45:19 IST" skipped="0">
  <testcase classname="alwayspracticehere.Extentrep5Test" name="feTest" time="0.065"/>
  <testcase classname="alwayspracticehere.Extentrep5Test" name="fTest" time="0.537"/>
</testsuite> <!-- alwayspracticehere.Extentrep5Test -->
