<?xml version="1.0" encoding="UTF-8"?>
<!-- Generated by org.testng.reporters.JUnitReportReporter -->
<testsuite hostname="Pragti" failures="0" tests="1" name="globalsqa.G1Test" time="3.276" errors="0" timestamp="2024-09-04T18:10:15 IST" skipped="0">
  <testcase classname="globalsqa.G1Test" name="TooltipTest" time="3.276"/>
</testsuite> <!-- globalsqa.G1Test -->
