<?xml version="1.0" encoding="UTF-8"?>
<!-- Generated by org.testng.reporters.JUnitReportReporter -->
<testsuite hostname="Pragti" failures="0" tests="1" name="com.qa.tests.NewyyyTest" time="8.493" errors="0" timestamp="2024-08-22T14:44:58 IST" skipped="0">
  <testcase classname="com.qa.tests.NewyyyTest" name="fTest" time="8.493"/>
</testsuite> <!-- com.qa.tests.NewyyyTest -->
