<?xml version="1.0" encoding="UTF-8"?>
<!-- Generated by org.testng.reporters.JUnitReportReporter -->
<testsuite hostname="Pragti" failures="0" tests="1" name="com.qa.tests.ChromeoptionsssssssTest" time="0.392" errors="0" timestamp="2024-10-07T14:33:59 IST" skipped="0">
  <testcase classname="com.qa.tests.ChromeoptionsssssssTest" name="fliTest" time="0.392"/>
</testsuite> <!-- com.qa.tests.ChromeoptionsssssssTest -->
