<?xml version="1.0" encoding="UTF-8"?>
<!-- Generated by org.testng.reporters.JUnitReportReporter -->
<testsuite hostname="Pragti" failures="0" tests="3" name="kk.jTest" time="0.817" errors="0" timestamp="2024-08-08T15:26:30 IST" skipped="0">
  <testcase classname="kk.jTest" name="getTest" time="0.113"/>
  <testcase classname="kk.jTest" name="gejtTest" time="0.232"/>
  <testcase classname="kk.jTest" name="gektTest" time="0.472"/>
</testsuite> <!-- kk.jTest -->
