<?xml version="1.0" encoding="UTF-8"?>
<!-- Generated by org.testng.reporters.JUnitReportReporter -->
<testsuite hostname="Pragti" failures="0" tests="1" name="advanceconcepts.NewddddTest" time="0.078" errors="0" timestamp="2024-08-14T14:20:36 IST" skipped="0">
  <testcase classname="advanceconcepts.NewddddTest" name="getTest" time="0.078"/>
</testsuite> <!-- advanceconcepts.NewddddTest -->
