<?xml version="1.0" encoding="UTF-8"?>
<!-- Generated by org.testng.reporters.JUnitReportReporter -->
<testsuite hostname="Pragti" failures="0" tests="1" name="com.qa.tests.NewtTest" time="1.457" errors="0" timestamp="2024-10-03T11:06:23 IST" skipped="0">
  <testcase classname="com.qa.tests.NewtTest" name="iifTest" time="1.457"/>
</testsuite> <!-- com.qa.tests.NewtTest -->
