<?xml version="1.0" encoding="UTF-8"?>
<!-- Generated by org.testng.reporters.JUnitReportReporter -->
<testsuite hostname="Pragti" failures="0" tests="2" name="com.qa.tests.ParallellllllTest" time="0.411" errors="0" timestamp="2024-05-22T11:08:13 IST" skipped="0">
  <testcase classname="com.qa.tests.ParallellllllTest" name="fkkTest" time="0.018"/>
  <testcase classname="com.qa.tests.ParallellllllTest" name="fjTest" time="0.393"/>
</testsuite> <!-- com.qa.tests.ParallellllllTest -->
