<?xml version="1.0" encoding="UTF-8"?>
<!-- Generated by org.testng.reporters.JUnitReportReporter -->
<testsuite hostname="Pragti" failures="0" tests="7" name="com.qa.tests.CalenderpopupTest" time="3.317" errors="0" timestamp="2024-09-24T15:11:04 IST" skipped="0">
  <testcase classname="com.qa.tests.CalenderpopupTest" name="f33Test" time="1.336"/>
  <testcase classname="com.qa.tests.CalenderpopupTest" name="f77Test" time="0.404"/>
  <testcase classname="com.qa.tests.CalenderpopupTest" name="f5Test" time="0.178"/>
  <testcase classname="com.qa.tests.CalenderpopupTest" name="f909Test" time="0.120"/>
  <testcase classname="com.qa.tests.CalenderpopupTest" name="f9Test" time="0.427"/>
  <testcase classname="com.qa.tests.CalenderpopupTest" name="f00Test" time="0.664"/>
  <testcase classname="com.qa.tests.CalenderpopupTest" name="fTest" time="0.188"/>
</testsuite> <!-- com.qa.tests.CalenderpopupTest -->
