<?xml version="1.0" encoding="UTF-8"?>
<!-- Generated by org.testng.reporters.JUnitReportReporter -->
<testsuite hostname="Pragti" failures="0" tests="1" name="com.qa.tests.GetAttributeTest" time="0.501" errors="0" timestamp="2024-12-03T14:39:13 IST" skipped="0">
  <testcase classname="com.qa.tests.GetAttributeTest" name="fTest" time="0.501"/>
</testsuite> <!-- com.qa.tests.GetAttributeTest -->
