<?xml version="1.0" encoding="UTF-8"?>
<!-- Generated by org.testng.reporters.JUnitReportReporter -->
<testsuite hostname="Pragti" failures="0" tests="1" name="broje.NewhhhTest" time="0.173" errors="0" timestamp="2024-08-02T13:21:06 IST" skipped="0">
  <testcase classname="broje.NewhhhTest" name="fTest" time="0.173"/>
</testsuite> <!-- broje.NewhhhTest -->
