<?xml version="1.0" encoding="UTF-8"?>
<!-- Generated by org.testng.reporters.JUnitReportReporter -->
<testsuite hostname="Pragti" failures="0" tests="1" name="alwayspracticehere.alllinksTest" time="0.977" errors="0" timestamp="2024-09-11T16:44:30 IST" skipped="0">
  <testcase classname="alwayspracticehere.alllinksTest" name="fTest" time="0.977"/>
</testsuite> <!-- alwayspracticehere.alllinksTest -->
