<?xml version="1.0" encoding="UTF-8"?>
<!-- Generated by org.testng.reporters.JUnitReportReporter -->
<testsuite hostname="Pragti" failures="0" tests="1" name="advanceconcepts.ActionsclassclickmethodTest" time="0.988" errors="0" timestamp="2024-07-16T13:30:28 IST" skipped="0">
  <testcase classname="advanceconcepts.ActionsclassclickmethodTest" name="clickdTest" time="0.988"/>
</testsuite> <!-- advanceconcepts.ActionsclassclickmethodTest -->
