<?xml version="1.0" encoding="UTF-8"?>
<!-- Generated by org.testng.reporters.JUnitReportReporter -->
<testsuite hostname="Pragti" failures="0" tests="1" name="com.qa.tests.NsdscTest" time="11.155" errors="0" timestamp="2024-12-03T12:03:23 IST" skipped="0">
  <testcase classname="com.qa.tests.NsdscTest" name="fTest" time="11.155"/>
</testsuite> <!-- com.qa.tests.NsdscTest -->
