<?xml version="1.0" encoding="UTF-8"?>
<!-- Generated by org.testng.reporters.JUnitReportReporter -->
<testsuite hostname="Pragti" failures="0" tests="1" name="com.qa.tests.NewdddddddddTest" time="0.810" errors="0" timestamp="2024-07-09T12:27:28 IST" skipped="0">
  <testcase classname="com.qa.tests.NewdddddddddTest" name="getiiTest" time="0.810"/>
</testsuite> <!-- com.qa.tests.NewdddddddddTest -->
