<?xml version="1.0" encoding="UTF-8"?>
<!-- Generated by org.testng.reporters.JUnitReportReporter -->
<testsuite hostname="Pragti" failures="0" tests="1" name="com.qa.tests.New77Test" time="9.128" errors="0" timestamp="2024-04-22T15:25:34 IST" skipped="0">
  <testcase classname="com.qa.tests.New77Test" name="FTest" time="9.128"/>
</testsuite> <!-- com.qa.tests.New77Test -->
