<?xml version="1.0" encoding="UTF-8"?>
<!-- Generated by org.testng.reporters.JUnitReportReporter -->
<testsuite hostname="Pragti" failures="0" tests="1" name="alwayspracticehere.CookiesalloperationsTest" time="5.864" errors="0" timestamp="2024-09-16T16:31:55 IST" skipped="0">
  <testcase classname="alwayspracticehere.CookiesalloperationsTest" name="fTest" time="5.864"/>
</testsuite> <!-- alwayspracticehere.CookiesalloperationsTest -->
