<?xml version="1.0" encoding="UTF-8"?>
<!-- Generated by org.testng.reporters.JUnitReportReporter -->
<testsuite hostname="Pragti" failures="0" tests="1" name="alwayspracticehere.YettTest" time="6.439" errors="0" timestamp="2024-11-27T11:16:17 IST" skipped="0">
  <testcase classname="alwayspracticehere.YettTest" name="fTest" time="6.439"/>
</testsuite> <!-- alwayspracticehere.YettTest -->
