<?xml version="1.0" encoding="UTF-8"?>
<!-- Generated by org.testng.reporters.JUnitReportReporter -->
<testsuite hostname="Pragti" failures="0" tests="1" name="com.qa.tests.FramesTest" time="0.550" errors="0" timestamp="2024-04-24T10:22:21 IST" skipped="0">
  <testcase classname="com.qa.tests.FramesTest" name="fTest" time="0.550"/>
</testsuite> <!-- com.qa.tests.FramesTest -->
