<?xml version="1.0" encoding="UTF-8"?>
<!-- Generated by org.testng.reporters.JUnitReportReporter -->
<testsuite hostname="Pragti" failures="0" tests="1" name="alwayspracticehere.randompopup222Test" time="1.208" errors="0" timestamp="2024-06-13T10:28:35 IST" skipped="0">
  <testcase classname="alwayspracticehere.randompopup222Test" name="fTest" time="1.208"/>
</testsuite> <!-- alwayspracticehere.randompopup222Test -->
