<?xml version="1.0" encoding="UTF-8"?>
<!-- Generated by org.testng.reporters.JUnitReportReporter -->
<testsuite hostname="Pragti" failures="0" tests="1" name="com.qa.tests.NeweeTest" time="0.248" errors="0" timestamp="2024-07-22T11:32:25 IST" skipped="0">
  <testcase classname="com.qa.tests.NeweeTest" name="fgTest" time="0.248"/>
</testsuite> <!-- com.qa.tests.NeweeTest -->
