<?xml version="1.0" encoding="UTF-8"?>
<!-- Generated by org.testng.reporters.JUnitReportReporter -->
<testsuite hostname="Pragti" failures="0" tests="1" name="com.qa.tests.NewyyyyyyyyyyyyyyyyyTest" time="20.872" errors="0" timestamp="2024-08-20T15:23:16 IST" skipped="0">
  <testcase classname="com.qa.tests.NewyyyyyyyyyyyyyyyyyTest" name="fllltTest" time="20.872"/>
</testsuite> <!-- com.qa.tests.NewyyyyyyyyyyyyyyyyyTest -->
