<?xml version="1.0" encoding="UTF-8"?>
<!-- Generated by org.testng.reporters.JUnitReportReporter -->
<testsuite hostname="Pragti" failures="0" tests="1" name="com.qa.tests.CsssecTest" time="0.193" errors="0" timestamp="2024-10-02T08:36:27 IST" skipped="0">
  <testcase classname="com.qa.tests.CsssecTest" name="fTest" time="0.193"/>
</testsuite> <!-- com.qa.tests.CsssecTest -->
