<?xml version="1.0" encoding="UTF-8"?>
<!-- Generated by org.testng.reporters.JUnitReportReporter -->
<testsuite hostname="Pragti" failures="0" tests="1" name="scenriobased.NaveenopencartTest" time="1.839" errors="0" timestamp="2024-05-31T14:42:25 IST" skipped="0">
  <testcase classname="scenriobased.NaveenopencartTest" name="contactTest" time="1.839"/>
</testsuite> <!-- scenriobased.NaveenopencartTest -->
