<?xml version="1.0" encoding="UTF-8"?>
<!-- Generated by org.testng.reporters.JUnitReportReporter -->
<testsuite hostname="Pragti" failures="0" tests="1" name="com.qa.tests.NewjTest" time="0.093" errors="0" timestamp="2024-04-08T14:59:43 IST" skipped="0">
  <testcase classname="com.qa.tests.NewjTest" name="iifTest" time="0.093"/>
</testsuite> <!-- com.qa.tests.NewjTest -->
