<?xml version="1.0" encoding="UTF-8"?>
<!-- Generated by org.testng.reporters.JUnitReportReporter -->
<testsuite hostname="Pragti" failures="0" tests="2" name="groupingexe.NTest" time="11.243" errors="0" timestamp="2024-05-23T18:46:28 IST" skipped="0">
  <testcase classname="groupingexe.NTest" name="fTest" time="4.492"/>
  <testcase classname="groupingexe.NTest" name="fkTest" time="6.751"/>
</testsuite> <!-- groupingexe.NTest -->
