<?xml version="1.0" encoding="UTF-8"?>
<!-- Generated by org.testng.reporters.JUnitReportReporter -->
<testsuite hostname="Pragti" failures="0" tests="1" name="globalsqa.NewrrrrTest" time="0.456" errors="0" timestamp="2024-09-09T19:07:26 IST" skipped="0">
  <testcase classname="globalsqa.NewrrrrTest" name="efTest" time="0.456"/>
</testsuite> <!-- globalsqa.NewrrrrTest -->
