<?xml version="1.0" encoding="UTF-8"?>
<!-- Generated by org.testng.reporters.JUnitReportReporter -->
<testsuite hostname="Pragti" failures="0" tests="1" name="alwayspracticehere.SeleniumAutomation55est" time="0.486" errors="0" timestamp="2024-09-19T14:45:10 IST" skipped="0">
  <testcase classname="alwayspracticehere.SeleniumAutomation55est" name="getteTest" time="0.486"/>
</testsuite> <!-- alwayspracticehere.SeleniumAutomation55est -->
