<?xml version="1.0" encoding="UTF-8"?>
<!-- Generated by org.testng.reporters.JUnitReportReporter -->
<testsuite hostname="Pragti" failures="0" tests="1" name="com.qa.tests.CalenderpopupTest" time="0.155" errors="0" timestamp="2024-05-22T08:29:18 IST" skipped="0">
  <testcase classname="com.qa.tests.CalenderpopupTest" name="fTest" time="0.155"/>
</testsuite> <!-- com.qa.tests.CalenderpopupTest -->
