<?xml version="1.0" encoding="UTF-8"?>
<!-- Generated by org.testng.reporters.JUnitReportReporter -->
<testsuite hostname="Pragti" failures="0" tests="1" name="l.NewTest" time="0.116" errors="0" timestamp="2024-08-23T16:10:10 IST" skipped="0">
  <testcase classname="l.NewTest" name="gewwwtTest" time="0.116"/>
</testsuite> <!-- l.NewTest -->
