<?xml version="1.0" encoding="UTF-8"?>
<!-- Generated by org.testng.reporters.JUnitReportReporter -->
<testsuite hostname="Pragti" failures="0" tests="1" name="alwayspracticehere.New75Test" time="0.081" errors="0" timestamp="2024-08-09T14:15:50 IST" skipped="0">
  <testcase classname="alwayspracticehere.New75Test" name="fTest" time="0.081"/>
</testsuite> <!-- alwayspracticehere.New75Test -->
