<?xml version="1.0" encoding="UTF-8"?>
<!-- Generated by org.testng.reporters.JUnitReportReporter -->
<testsuite hostname="Pragti" failures="0" tests="1" name="alwayspracticehere.AutoSuggestionTest" time="0.130" errors="0" timestamp="2024-09-04T19:01:36 IST" skipped="0">
  <testcase classname="alwayspracticehere.AutoSuggestionTest" name="fTest" time="0.130"/>
</testsuite> <!-- alwayspracticehere.AutoSuggestionTest -->
