<?xml version="1.0" encoding="UTF-8"?>
<!-- Generated by org.testng.reporters.JUnitReportReporter -->
<testsuite hostname="Pragti" failures="0" tests="3" name="com.qa.tests.dataproviderextrainfoTest" time="1.275" errors="0" timestamp="2024-04-08T15:35:06 IST" skipped="0">
  <testcase classname="com.qa.tests.dataproviderextrainfoTest" name="FuTest" time="0.463"/>
  <testcase classname="com.qa.tests.dataproviderextrainfoTest" name="FuTest" time="0.791"/>
  <testcase classname="com.qa.tests.dataproviderextrainfoTest" name="FtTest" time="0.021"/>
</testsuite> <!-- com.qa.tests.dataproviderextrainfoTest -->
