<?xml version="1.0" encoding="UTF-8"?>
<!-- Generated by org.testng.reporters.JUnitReportReporter -->
<testsuite hostname="Pragti" failures="0" tests="1" name="alwayspracticehere.ChromeOptionspracTest" time="0.823" errors="0" timestamp="2024-10-14T09:18:17 IST" skipped="0">
  <testcase classname="alwayspracticehere.ChromeOptionspracTest" name="fnTest" time="0.823"/>
</testsuite> <!-- alwayspracticehere.ChromeOptionspracTest -->
