<?xml version="1.0" encoding="UTF-8"?>
<!-- Generated by org.testng.reporters.JUnitReportReporter -->
<testsuite hostname="Pragti" failures="0" tests="1" name="com.qa.tests.ProductTest" time="0.206" errors="0" timestamp="2024-04-03T15:15:46 IST" skipped="0">
  <testcase classname="com.qa.tests.ProductTest" name="fTest" time="0.206"/>
</testsuite> <!-- com.qa.tests.ProductTest -->
