<?xml version="1.0" encoding="UTF-8"?>
<!-- Generated by org.testng.reporters.JUnitReportReporter -->
<testsuite hostname="Pragti" failures="0" tests="1" name="alwayspracticehere.DaiaaaTest" time="1.307" errors="0" timestamp="2024-11-30T11:32:37 IST" skipped="0">
  <testcase classname="alwayspracticehere.DaiaaaTest" name="Test" time="1.307"/>
</testsuite> <!-- alwayspracticehere.DaiaaaTest -->
