<?xml version="1.0" encoding="UTF-8"?>
<!-- Generated by org.testng.reporters.JUnitReportReporter -->
<testsuite hostname="Pragti" failures="0" tests="2" name="com.qa.tests.NettwTest" time="1.191" errors="0" timestamp="2024-10-04T14:26:20 IST" skipped="0">
  <testcase classname="com.qa.tests.NettwTest" name="fTest" time="1.156"/>
  <testcase classname="com.qa.tests.NettwTest" name="fyTest" time="0.035"/>
</testsuite> <!-- com.qa.tests.NettwTest -->
