<?xml version="1.0" encoding="UTF-8"?>
<!-- Generated by org.testng.reporters.JUnitReportReporter -->
<testsuite hostname="Pragti" failures="0" tests="2" name="com.qa.tests.NjjTest" time="0.949" errors="0" timestamp="2024-07-17T13:33:40 IST" skipped="0">
  <testcase classname="com.qa.tests.NjjTest" name="fTest" time="0.670"/>
  <testcase classname="com.qa.tests.NjjTest" name="fdkkTest" time="0.279"/>
</testsuite> <!-- com.qa.tests.NjjTest -->
