<?xml version="1.0" encoding="UTF-8"?>
<!-- Generated by org.testng.reporters.JUnitReportReporter -->
<testsuite hostname="Pragti" failures="0" tests="1" name="alwayspracticehere.LinksTest" time="2.605" errors="0" timestamp="2024-09-05T09:12:28 IST" skipped="0">
  <testcase classname="alwayspracticehere.LinksTest" name="fTest" time="2.605"/>
</testsuite> <!-- alwayspracticehere.LinksTest -->
