<?xml version="1.0" encoding="UTF-8"?>
<!-- Generated by org.testng.reporters.JUnitReportReporter -->
<testsuite hostname="Pragti" failures="0" tests="1" name="com.qa.tests.ActionsTest" time="0.799" errors="0" timestamp="2024-07-10T14:39:30 IST" skipped="0">
  <testcase classname="com.qa.tests.ActionsTest" name="fTest" time="0.799"/>
</testsuite> <!-- com.qa.tests.ActionsTest -->
