<?xml version="1.0" encoding="UTF-8"?>
<!-- Generated by org.testng.reporters.JUnitReportReporter -->
<testsuite hostname="Pragti" failures="0" tests="4" name="com.qa.tests.BrowserStackTest" time="0.895" errors="0" timestamp="2024-10-02T08:56:50 IST" skipped="0">
  <testcase classname="com.qa.tests.BrowserStackTest" name="title3Test" time="0.311"/>
  <testcase classname="com.qa.tests.BrowserStackTest" name="title1Test" time="0.487"/>
  <testcase classname="com.qa.tests.BrowserStackTest" name="titleTest" time="0.018"/>
  <testcase classname="com.qa.tests.BrowserStackTest" name="title4Test" time="0.079"/>
</testsuite> <!-- com.qa.tests.BrowserStackTest -->
