<?xml version="1.0" encoding="UTF-8"?>
<!-- Generated by org.testng.reporters.JUnitReportReporter -->
<testsuite hostname="Pragti" failures="0" tests="1" name="advanceconcepts.TotalnoofframesinapageTest" time="0.182" errors="0" timestamp="2024-07-15T15:26:11 IST" skipped="0">
  <testcase classname="advanceconcepts.TotalnoofframesinapageTest" name="fTest" time="0.182"/>
</testsuite> <!-- advanceconcepts.TotalnoofframesinapageTest -->
