<?xml version="1.0" encoding="UTF-8"?>
<!-- Generated by org.testng.reporters.JUnitReportReporter -->
<testsuite hostname="Pragti" failures="0" tests="1" name="com.qa.tests.SetSizedimensionclassTest" time="0.130" errors="0" timestamp="2024-10-07T17:49:24 IST" skipped="0">
  <testcase classname="com.qa.tests.SetSizedimensionclassTest" name="fTest" time="0.130"/>
</testsuite> <!-- com.qa.tests.SetSizedimensionclassTest -->
