<?xml version="1.0" encoding="UTF-8"?>
<!-- Generated by org.testng.reporters.JUnitReportReporter -->
<testsuite hostname="Pragti" failures="0" tests="1" name="com.qa.tests.BottomlineTest" time="3.768" errors="0" timestamp="2024-10-14T16:40:39 IST" skipped="0">
  <testcase classname="com.qa.tests.BottomlineTest" name="getNameTest" time="3.768"/>
</testsuite> <!-- com.qa.tests.BottomlineTest -->
