<?xml version="1.0" encoding="UTF-8"?>
<!-- Generated by org.testng.reporters.JUnitReportReporter -->
<testsuite hostname="Pragti" failures="0" tests="1" name="com.qa.tests.ConcurrentkeyoperatinsTest" time="5.319" errors="0" timestamp="2024-08-26T17:58:20 IST" skipped="0">
  <testcase classname="com.qa.tests.ConcurrentkeyoperatinsTest" name="fTest" time="5.319"/>
</testsuite> <!-- com.qa.tests.ConcurrentkeyoperatinsTest -->
