<?xml version="1.0" encoding="UTF-8"?>
<!-- Generated by org.testng.reporters.JUnitReportReporter -->
<testsuite hostname="Pragti" failures="0" tests="1" name="com.qa.tests.CalenderTest" time="0.615" errors="0" timestamp="2024-10-11T12:09:34 IST" skipped="0">
  <testcase classname="com.qa.tests.CalenderTest" name="fTest" time="0.615"/>
</testsuite> <!-- com.qa.tests.CalenderTest -->
