<?xml version="1.0" encoding="UTF-8"?>
<!-- Generated by org.testng.reporters.JUnitReportReporter -->
<testsuite hostname="Pragti" failures="0" tests="3" name="listenerpractice1.NewTest" time="0.236" errors="0" timestamp="2024-08-08T15:36:26 IST" skipped="0">
  <testcase classname="listenerpractice1.NewTest" name="fTest" time="0.150"/>
  <testcase classname="listenerpractice1.NewTest" name="fkkTest" time="0.058"/>
  <testcase classname="listenerpractice1.NewTest" name="jfTest" time="0.028"/>
</testsuite> <!-- listenerpractice1.NewTest -->
