<?xml version="1.0" encoding="UTF-8"?>
<!-- Generated by org.testng.reporters.JUnitReportReporter -->
<testsuite hostname="Pragti" failures="0" tests="1" name="com.qa.tests.New4444Test" time="0.107" errors="0" timestamp="2024-09-16T16:29:37 IST" skipped="0">
  <testcase classname="com.qa.tests.New4444Test" name="fTest" time="0.107"/>
</testsuite> <!-- com.qa.tests.New4444Test -->
