<?xml version="1.0" encoding="UTF-8"?>
<!-- Generated by org.testng.reporters.JUnitReportReporter -->
<testsuite hostname="Pragti" failures="0" tests="1" name="alwayspracticehere.KeyspracticeTest" time="1.670" errors="0" timestamp="2024-08-28T10:27:36 IST" skipped="0">
  <testcase classname="alwayspracticehere.KeyspracticeTest" name="fwwTest" time="1.670"/>
</testsuite> <!-- alwayspracticehere.KeyspracticeTest -->
