<?xml version="1.0" encoding="UTF-8"?>
<!-- Generated by org.testng.reporters.JUnitReportReporter -->
<testsuite hostname="Pragti" failures="0" tests="2" name="alwayspracticehere.JavascriptExecutor11Test" time="1.929" errors="0" timestamp="2024-04-30T15:27:21 IST" skipped="0">
  <testcase classname="alwayspracticehere.JavascriptExecutor11Test" name="fTest" time="1.890"/>
  <testcase classname="alwayspracticehere.JavascriptExecutor11Test" name="fiiTest" time="0.039"/>
</testsuite> <!-- alwayspracticehere.JavascriptExecutor11Test -->
