<?xml version="1.0" encoding="UTF-8"?>
<!-- Generated by org.testng.reporters.JUnitReportReporter -->
<testsuite hostname="Pragti" failures="0" tests="1" name="com.qa.tests.NeeeeewTest" time="0.342" errors="0" timestamp="2024-09-10T11:10:19 IST" skipped="0">
  <testcase classname="com.qa.tests.NeeeeewTest" name="getTest" time="0.342"/>
</testsuite> <!-- com.qa.tests.NeeeeewTest -->
