<?xml version="1.0" encoding="UTF-8"?>
<!-- Generated by org.testng.reporters.JUnitReportReporter -->
<testsuite hostname="Pragti" failures="0" tests="1" name="advanceconcepts.listfindelementsforeachTest" time="3.260" errors="0" timestamp="2024-07-18T18:43:04 IST" skipped="0">
  <testcase classname="advanceconcepts.listfindelementsforeachTest" name="fdkkuTest" time="3.260"/>
</testsuite> <!-- advanceconcepts.listfindelementsforeachTest -->
