<?xml version="1.0" encoding="UTF-8"?>
<!-- Generated by org.testng.reporters.JUnitReportReporter -->
<testsuite hostname="Pragti" failures="0" tests="1" name="ooo.G1Test" time="9.745" errors="0" timestamp="2024-09-03T13:10:32 IST" skipped="0">
  <testcase classname="ooo.G1Test" name="Cheatsheetsclick" time="9.745"/>
</testsuite> <!-- ooo.G1Test -->
