<?xml version="1.0" encoding="UTF-8"?>
<!-- Generated by org.testng.reporters.JUnitReportReporter -->
<testsuite hostname="Pragti" failures="0" tests="1" name="alwayspracticehere.NewmnsdTest" time="7.163" errors="0" timestamp="2024-11-29T14:56:00 IST" skipped="0">
  <testcase classname="alwayspracticehere.NewmnsdTest" name="fTest" time="7.163"/>
</testsuite> <!-- alwayspracticehere.NewmnsdTest -->
