<?xml version="1.0" encoding="UTF-8"?>
<!-- Generated by org.testng.reporters.JUnitReportReporter -->
<testsuite hostname="Pragti" failures="0" tests="1" name="alwayspracticehere.dataproviderTest" time="0.531" errors="0" timestamp="2024-04-10T16:51:29 IST" skipped="0">
  <testcase classname="alwayspracticehere.dataproviderTest" name="fTest" time="0.531"/>
</testsuite> <!-- alwayspracticehere.dataproviderTest -->
