<?xml version="1.0" encoding="UTF-8"?>
<!-- Generated by org.testng.reporters.JUnitReportReporter -->
<testsuite hostname="Pragti" failures="0" tests="3" name="alwayspracticehere.pracsssTest" time="4.003" errors="0" timestamp="2024-07-30T14:43:02 IST" skipped="0">
  <testcase classname="alwayspracticehere.pracsssTest" name="fkkTest" time="0.019"/>
  <testcase classname="alwayspracticehere.pracsssTest" name="fkTest" time="0.032"/>
  <testcase classname="alwayspracticehere.pracsssTest" name="fTest" time="3.952"/>
</testsuite> <!-- alwayspracticehere.pracsssTest -->
