<?xml version="1.0" encoding="UTF-8"?>
<!-- Generated by org.testng.reporters.JUnitReportReporter -->
<testsuite hostname="Pragti" failures="0" tests="3" name="com.qa.tests.NeweTest" time="0.865" errors="0" timestamp="2024-10-11T11:16:01 IST" skipped="0">
  <testcase classname="com.qa.tests.NeweTest" name="fttTest" time="0.014"/>
  <testcase classname="com.qa.tests.NeweTest" name="fTest" time="0.841"/>
  <testcase classname="com.qa.tests.NeweTest" name="frTest" time="0.010"/>
</testsuite> <!-- com.qa.tests.NeweTest -->
