<?xml version="1.0" encoding="UTF-8"?>
<!-- Generated by org.testng.reporters.JUnitReportReporter -->
<testsuite hostname="Pragti" failures="0" tests="1" name="alwayspracticehere.MakemytripTest" time="0.791" errors="0" timestamp="2024-08-07T08:11:31 IST" skipped="0">
  <testcase classname="alwayspracticehere.MakemytripTest" name="getTest" time="0.791"/>
</testsuite> <!-- alwayspracticehere.MakemytripTest -->
