<?xml version="1.0" encoding="UTF-8"?>
<!-- Generated by org.testng.reporters.JUnitReportReporter -->
<testsuite hostname="Pragti" failures="0" tests="1" name="advanceconcepts.Cookieshowtohandle1Test" time="21.354" errors="0" timestamp="2024-09-10T15:18:20 IST" skipped="0">
  <testcase classname="advanceconcepts.Cookieshowtohandle1Test" name="fTest" time="21.354"/>
</testsuite> <!-- advanceconcepts.Cookieshowtohandle1Test -->
