<?xml version="1.0" encoding="UTF-8"?>
<!-- Generated by org.testng.reporters.JUnitReportReporter -->
<testsuite hostname="Pragti" failures="0" tests="1" name="com.qa.tests.NyTest" time="0.745" errors="0" timestamp="2024-04-24T10:20:49 IST" skipped="0">
  <testcase classname="com.qa.tests.NyTest" name="fTest" time="0.745"/>
</testsuite> <!-- com.qa.tests.NyTest -->
