<?xml version="1.0" encoding="UTF-8"?>
<!-- Generated by org.testng.reporters.JUnitReportReporter -->
<testsuite hostname="Pragti" failures="0" tests="1" name="com.qa.tests.NewffdsTest" time="0.666" errors="0" timestamp="2024-07-10T14:33:12 IST" skipped="0">
  <testcase classname="com.qa.tests.NewffdsTest" name="fTest" time="0.666"/>
</testsuite> <!-- com.qa.tests.NewffdsTest -->
