<?xml version="1.0" encoding="UTF-8"?>
<!-- Generated by org.testng.reporters.JUnitReportReporter -->
<testsuite hostname="Pragti" failures="0" tests="2" name="com.qa.tests.EdgeOptionsTest" time="0.515" errors="0" timestamp="2024-09-26T12:16:24 IST" skipped="0">
  <testcase classname="com.qa.tests.EdgeOptionsTest" name="fTest" time="0.473"/>
  <testcase classname="com.qa.tests.EdgeOptionsTest" name="feeTest" time="0.042"/>
</testsuite> <!-- com.qa.tests.EdgeOptionsTest -->
