<?xml version="1.0" encoding="UTF-8"?>
<!-- Generated by org.testng.reporters.JUnitReportReporter -->
<testsuite hostname="Pragti" failures="0" tests="1" name="makemytrip.NewTest" time="0.332" errors="0" timestamp="2024-06-12T15:45:08 IST" skipped="0">
  <testcase classname="makemytrip.NewTest" name="fTest" time="0.332"/>
</testsuite> <!-- makemytrip.NewTest -->
