<?xml version="1.0" encoding="UTF-8"?>
<!-- Generated by org.testng.reporters.JUnitReportReporter -->
<testsuite hostname="Pragti" failures="0" tests="3" name="com.qa.tests.New446Test" time="0.236" errors="0" timestamp="2024-08-29T14:29:31 IST" skipped="0">
  <testcase classname="com.qa.tests.New446Test" name="fTest" time="0.109"/>
  <testcase classname="com.qa.tests.New446Test" name="f1Test" time="0.033"/>
  <testcase classname="com.qa.tests.New446Test" name="f2Test" time="0.094"/>
</testsuite> <!-- com.qa.tests.New446Test -->
