<?xml version="1.0" encoding="UTF-8"?>
<!-- Generated by org.testng.reporters.JUnitReportReporter -->
<testsuite hostname="Pragti" failures="0" tests="1" name="makemytrip.NormalizespaceTest" time="0.096" errors="0" timestamp="2024-06-14T11:29:14 IST" skipped="0">
  <testcase classname="makemytrip.NormalizespaceTest" name="fTest" time="0.096"/>
</testsuite> <!-- makemytrip.NormalizespaceTest -->
