<?xml version="1.0" encoding="UTF-8"?>
<!-- Generated by org.testng.reporters.JUnitReportReporter -->
<testsuite hostname="Pragti" failures="0" tests="1" name="com.qa.tests.Newrr44Test" time="0.627" errors="0" timestamp="2024-08-26T11:42:24 IST" skipped="0">
  <testcase classname="com.qa.tests.Newrr44Test" name="fTest" time="0.627"/>
</testsuite> <!-- com.qa.tests.Newrr44Test -->
