<?xml version="1.0" encoding="UTF-8"?>
<!-- Generated by org.testng.reporters.JUnitReportReporter -->
<testsuite hostname="Pragti" failures="0" tests="3" name="com.qa.tests.wasteeeeTest" time="42.457" errors="0" timestamp="2024-07-19T12:47:08 IST" skipped="0">
  <testcase classname="com.qa.tests.wasteeeeTest" name="fhhiTest" time="20.226"/>
  <testcase classname="com.qa.tests.wasteeeeTest" name="fhjhTest" time="20.048"/>
  <testcase classname="com.qa.tests.wasteeeeTest" name="fhhTest" time="2.183"/>
</testsuite> <!-- com.qa.tests.wasteeeeTest -->
