<?xml version="1.0" encoding="UTF-8"?>
<!-- Generated by org.testng.reporters.JUnitReportReporter -->
<testsuite hostname="Pragti" failures="0" tests="1" name="com.qa.tests.NrrrTest" time="0.377" errors="0" timestamp="2024-08-25T09:32:11 IST" skipped="0">
  <testcase classname="com.qa.tests.NrrrTest" name="getTest" time="0.377"/>
</testsuite> <!-- com.qa.tests.NrrrTest -->
