<?xml version="1.0" encoding="UTF-8"?>
<!-- Generated by org.testng.reporters.JUnitReportReporter -->
<testsuite hostname="Pragti" failures="0" tests="1" name="alwayspracticehere.javascriTest" time="9.374" errors="0" timestamp="2024-07-27T12:25:42 IST" skipped="0">
  <testcase classname="alwayspracticehere.javascriTest" name="fTest" time="9.374"/>
</testsuite> <!-- alwayspracticehere.javascriTest -->
