<?xml version="1.0" encoding="UTF-8"?>
<!-- Generated by org.testng.reporters.JUnitReportReporter -->
<testsuite hostname="Pragti" failures="0" tests="2" name="com.qa.tests.open1Test" time="13.490" errors="0" timestamp="2024-04-05T14:35:04 IST" skipped="0">
  <testcase classname="com.qa.tests.open1Test" name="fTest" time="4.947"/>
  <testcase classname="com.qa.tests.open1Test" name="fTest" time="8.543"/>
</testsuite> <!-- com.qa.tests.open1Test -->
