<?xml version="1.0" encoding="UTF-8"?>
<!-- Generated by org.testng.reporters.JUnitReportReporter -->
<testsuite hostname="Pragti" failures="0" tests="7" name="com.qa.tests.Newr5Test" time="4.067" errors="0" timestamp="2024-09-25T15:05:34 IST" skipped="0">
  <testcase classname="com.qa.tests.Newr5Test" name="fTest" time="0.777"/>
  <testcase classname="com.qa.tests.Newr5Test" name="f0Test" time="1.136"/>
  <testcase classname="com.qa.tests.Newr5Test" name="fooTest" time="0.100"/>
  <testcase classname="com.qa.tests.Newr5Test" name="foooo000Test" time="0.082"/>
  <testcase classname="com.qa.tests.Newr5Test" name="f555t7Test" time="1.591"/>
  <testcase classname="com.qa.tests.Newr5Test" name="fooooTest" time="0.049"/>
  <testcase classname="com.qa.tests.Newr5Test" name="f5oTest" time="0.332"/>
</testsuite> <!-- com.qa.tests.Newr5Test -->
