<?xml version="1.0" encoding="UTF-8"?>
<!-- Generated by org.testng.reporters.JUnitReportReporter -->
<testsuite hostname="Pragti" failures="0" tests="5" name="alwayspracticehere.trickytestng1Test" time="0.388" errors="0" timestamp="2024-04-12T09:19:03 IST" skipped="0">
  <testcase classname="alwayspracticehere.trickytestng1Test" name="fTest" time="0.186"/>
  <testcase classname="alwayspracticehere.trickytestng1Test" name="fiTest" time="0.052"/>
  <testcase classname="alwayspracticehere.trickytestng1Test" name="foTest" time="0.049"/>
  <testcase classname="alwayspracticehere.trickytestng1Test" name="fokTest" time="0.045"/>
  <testcase classname="alwayspracticehere.trickytestng1Test" name="folTest" time="0.056"/>
</testsuite> <!-- alwayspracticehere.trickytestng1Test -->
