<?xml version="1.0" encoding="UTF-8"?>
<!-- Generated by org.testng.reporters.JUnitReportReporter -->
<testsuite hostname="Pragti" failures="0" tests="4" name="com.qa.tests.parallelTest" time="0.311" errors="0" timestamp="2024-04-02T16:14:47 IST" skipped="0">
  <testcase classname="com.qa.tests.parallelTest" name="URLTest" time="0.265"/>
  <testcase classname="com.qa.tests.parallelTest" name="titleTest" time="0.011"/>
  <testcase classname="com.qa.tests.parallelTest" name="URLTest" time="0.010"/>
  <testcase classname="com.qa.tests.parallelTest" name="titleTest" time="0.025"/>
</testsuite> <!-- com.qa.tests.parallelTest -->
