<?xml version="1.0" encoding="UTF-8"?>
<!-- Generated by org.testng.reporters.JUnitReportReporter -->
<testsuite hostname="Pragti" failures="0" tests="3" name="today.NewyyTest" time="33.163" errors="0" timestamp="2024-07-30T14:50:19 IST" skipped="0">
  <testcase classname="today.NewyyTest" name="fiTest" time="8.634"/>
  <testcase classname="today.NewyyTest" name="fiiTest" time="12.023"/>
  <testcase classname="today.NewyyTest" name="fTest" time="12.506"/>
</testsuite> <!-- today.NewyyTest -->
