<?xml version="1.0" encoding="UTF-8"?>
<!-- Generated by org.testng.reporters.JUnitReportReporter -->
<testsuite hostname="Pragti" failures="0" tests="1" name="alwayspracticehere.New444Test" time="16.729" errors="0" timestamp="2024-07-27T11:56:03 IST" skipped="0">
  <testcase classname="alwayspracticehere.New444Test" name="fTest" time="16.729"/>
</testsuite> <!-- alwayspracticehere.New444Test -->
