<?xml version="1.0" encoding="UTF-8"?>
<!-- Generated by org.testng.reporters.JUnitReportReporter -->
<testsuite hostname="Pragti" failures="0" tests="3" name="com.qa.tests.Keys22Test" time="0.417" errors="0" timestamp="2024-09-02T14:53:08 IST" skipped="0">
  <testcase classname="com.qa.tests.Keys22Test" name="fTest" time="0.119"/>
  <testcase classname="com.qa.tests.Keys22Test" name="f1Test" time="0.016"/>
  <testcase classname="com.qa.tests.Keys22Test" name="f11Test" time="0.282"/>
</testsuite> <!-- com.qa.tests.Keys22Test -->
