<?xml version="1.0" encoding="UTF-8"?>
<!-- Generated by org.testng.reporters.JUnitReportReporter -->
<testsuite hostname="Pragti" failures="0" tests="1" name="advanceconcepts.FluentwaitTest" time="0.306" errors="0" timestamp="2024-06-26T16:15:33 IST" skipped="0">
  <testcase classname="advanceconcepts.FluentwaitTest" name="fTest" time="0.306"/>
</testsuite> <!-- advanceconcepts.FluentwaitTest -->
