<?xml version="1.0" encoding="UTF-8"?>
<!-- Generated by org.testng.reporters.JUnitReportReporter -->
<testsuite hostname="Pragti" failures="0" tests="3" name="alwayspracticehere.NewvvvTest" time="1.821" errors="0" timestamp="2024-06-28T11:43:30 IST" skipped="0">
  <testcase classname="alwayspracticehere.NewvvvTest" name="mmTest" time="0.093"/>
  <testcase classname="alwayspracticehere.NewvvvTest" name="fmTest" time="0.930"/>
  <testcase classname="alwayspracticehere.NewvvvTest" name="fTest" time="0.798"/>
</testsuite> <!-- alwayspracticehere.NewvvvTest -->
