<?xml version="1.0" encoding="UTF-8"?>
<!-- Generated by org.testng.reporters.JUnitReportReporter -->
<testsuite hostname="Pragti" failures="0" tests="2" name="com.qa.tests.Autosuggest1111Test" time="7.111" errors="0" timestamp="2024-10-14T19:17:43 IST" skipped="0">
  <testcase classname="com.qa.tests.Autosuggest1111Test" name="fiTest" time="6.738"/>
  <testcase classname="com.qa.tests.Autosuggest1111Test" name="fTest" time="0.373"/>
</testsuite> <!-- com.qa.tests.Autosuggest1111Test -->
