<?xml version="1.0" encoding="UTF-8"?>
<!-- Generated by org.testng.reporters.JUnitReportReporter -->
<testsuite hostname="Pragti" failures="0" tests="1" name="com.qa.tests.ActionclasskeysTest" time="0.695" errors="0" timestamp="2024-10-15T12:52:43 IST" skipped="0">
  <testcase classname="com.qa.tests.ActionclasskeysTest" name="sendkeyssssTest" time="0.695"/>
</testsuite> <!-- com.qa.tests.ActionclasskeysTest -->
