<?xml version="1.0" encoding="UTF-8"?>
<!-- Generated by org.testng.reporters.JUnitReportReporter -->
<testsuite hostname="Pragti" failures="0" tests="1" name="alwayspracticehere.CSSTest" time="10.187" errors="0" timestamp="2024-12-06T15:21:10 IST" skipped="0">
  <testcase classname="alwayspracticehere.CSSTest" name="fTest" time="10.187"/>
</testsuite> <!-- alwayspracticehere.CSSTest -->
