<?xml version="1.0" encoding="UTF-8"?>
<!-- Generated by org.testng.reporters.JUnitReportReporter -->
<testsuite hostname="Pragti" failures="0" tests="1" name="wasteeee.Tget" time="6.089" errors="0" timestamp="2024-07-01T16:46:10 IST" skipped="0">
  <testcase classname="wasteeee.Tget" name="geTest" time="6.089"/>
</testsuite> <!-- wasteeee.Tget -->
