<?xml version="1.0" encoding="UTF-8"?>
<!-- Generated by org.testng.reporters.JUnitReportReporter -->
<testsuite hostname="Pragti" failures="0" tests="6" name="alwayspracticehere.actionsclassTest" time="1.130" errors="0" timestamp="2024-05-02T13:18:06 IST" skipped="0">
  <testcase classname="alwayspracticehere.actionsclassTest" name="fTest" time="0.371"/>
  <testcase classname="alwayspracticehere.actionsclassTest" name="fiTest" time="0.025"/>
  <testcase classname="alwayspracticehere.actionsclassTest" name="fppTest" time="0.022"/>
  <testcase classname="alwayspracticehere.actionsclassTest" name="fpppTest" time="0.015"/>
  <testcase classname="alwayspracticehere.actionsclassTest" name="fppoTest" time="0.015"/>
  <testcase classname="alwayspracticehere.actionsclassTest" name="fpppptTest" time="0.682"/>
</testsuite> <!-- alwayspracticehere.actionsclassTest -->
