<?xml version="1.0" encoding="UTF-8"?>
<!-- Generated by org.testng.reporters.JUnitReportReporter -->
<testsuite hostname="Pragti" failures="0" tests="1" name="com.qa.tests.StratbeansssssTest" time="6.816" errors="0" timestamp="2024-12-07T13:13:14 IST" skipped="0">
  <testcase classname="com.qa.tests.StratbeansssssTest" name="fTest" time="6.816"/>
</testsuite> <!-- com.qa.tests.StratbeansssssTest -->
