<?xml version="1.0" encoding="UTF-8"?>
<!-- Generated by org.testng.reporters.JUnitReportReporter -->
<testsuite hostname="Pragti" failures="0" tests="1" name="com.qa.tests.NTest" time="15.838" errors="0" timestamp="2024-03-30T17:30:12 IST" skipped="0">
  <testcase classname="com.qa.tests.NTest" name="fTest" time="15.838"/>
</testsuite> <!-- com.qa.tests.NTest -->
