<?xml version="1.0" encoding="UTF-8"?>
<!-- Generated by org.testng.reporters.JUnitReportReporter -->
<testsuite hostname="Pragti" failures="0" tests="3" name="com.qa.tests.Groups33Test" time="1.646" errors="0" timestamp="2024-05-24T11:19:24 IST" skipped="0">
  <testcase classname="com.qa.tests.Groups33Test" name="fTest" time="1.635"/>
  <testcase classname="com.qa.tests.Groups33Test" name="fiTest" time="0.005"/>
  <testcase classname="com.qa.tests.Groups33Test" name="fiiTest" time="0.006"/>
</testsuite> <!-- com.qa.tests.Groups33Test -->
