<?xml version="1.0" encoding="UTF-8"?>
<!-- Generated by org.testng.reporters.JUnitReportReporter -->
<testsuite hostname="Pragti" failures="0" tests="1" name="alwayspracticehere.NewtabTest" time="14.015" errors="0" timestamp="2024-05-21T12:06:20 IST" skipped="0">
  <testcase classname="alwayspracticehere.NewtabTest" name="fTest" time="14.015"/>
</testsuite> <!-- alwayspracticehere.NewtabTest -->
