<?xml version="1.0" encoding="UTF-8"?>
<!-- Generated by org.testng.reporters.JUnitReportReporter -->
<testsuite hostname="Pragti" failures="0" tests="4" name="com.qa.tests.Stratbeans11111Test" time="3.930" errors="0" timestamp="2024-12-05T16:39:56 IST" skipped="0">
  <testcase classname="com.qa.tests.Stratbeans11111Test" name="urlTest" time="0.747"/>
  <testcase classname="com.qa.tests.Stratbeans11111Test" name="titleTest" time="0.124"/>
  <testcase classname="com.qa.tests.Stratbeans11111Test" name="getwindowidTest" time="0.013"/>
  <testcase classname="com.qa.tests.Stratbeans11111Test" name="clickonbookdemoTest" time="3.046"/>
</testsuite> <!-- com.qa.tests.Stratbeans11111Test -->
