<?xml version="1.0" encoding="UTF-8"?>
<!-- Generated by org.testng.reporters.JUnitReportReporter -->
<testsuite hostname="Pragti" failures="0" tests="3" name="com.qa.tests.dataproviderextrainfoTest" time="1.386" errors="0" timestamp="2024-04-06T14:08:00 IST" skipped="0">
  <testcase classname="com.qa.tests.dataproviderextrainfoTest" name="FuTest" time="0.943"/>
  <testcase classname="com.qa.tests.dataproviderextrainfoTest" name="FuTest" time="0.418"/>
  <testcase classname="com.qa.tests.dataproviderextrainfoTest" name="FtTest" time="0.025"/>
</testsuite> <!-- com.qa.tests.dataproviderextrainfoTest -->
