<?xml version="1.0" encoding="UTF-8"?>
<!-- Generated by org.testng.reporters.JUnitReportReporter -->
<testsuite hostname="Pragti" failures="0" tests="1" name="com.qa.tests.CookieshowtohandleTest" time="15.038" errors="0" timestamp="2024-09-10T13:00:06 IST" skipped="0">
  <testcase classname="com.qa.tests.CookieshowtohandleTest" name="gTest" time="15.038"/>
</testsuite> <!-- com.qa.tests.CookieshowtohandleTest -->
