<?xml version="1.0" encoding="UTF-8"?>
<!-- Generated by org.testng.reporters.JUnitReportReporter -->
<testsuite hostname="Pragti" failures="0" tests="1" name="alwayspracticehere.Robot1Test" time="43.462" errors="0" timestamp="2024-05-21T13:52:45 IST" skipped="0">
  <testcase classname="alwayspracticehere.Robot1Test" name="fTest" time="43.462"/>
</testsuite> <!-- alwayspracticehere.Robot1Test -->
