<?xml version="1.0" encoding="UTF-8"?>
<!-- Generated by org.testng.reporters.JUnitReportReporter -->
<testsuite hostname="Pragti" failures="0" tests="1" name="alwayspracticehere.ChromeOptionsTest" time="0.331" errors="0" timestamp="2024-09-23T12:35:13 IST" skipped="0">
  <testcase classname="alwayspracticehere.ChromeOptionsTest" name="fTest" time="0.331"/>
</testsuite> <!-- alwayspracticehere.ChromeOptionsTest -->
