<?xml version="1.0" encoding="UTF-8"?>
<!-- Generated by org.testng.reporters.JUnitReportReporter -->
<testsuite hostname="Pragti" failures="0" tests="1" name="com.qa.tests.SessionIdTest" time="7.587" errors="0" timestamp="2024-06-10T15:02:32 IST" skipped="0">
  <testcase classname="com.qa.tests.SessionIdTest" name="fTest" time="7.587"/>
</testsuite> <!-- com.qa.tests.SessionIdTest -->
