<?xml version="1.0" encoding="UTF-8"?>
<!-- Generated by org.testng.reporters.JUnitReportReporter -->
<testsuite hostname="Pragti" failures="0" tests="7" name="com.qa.tests.crossbrowserTest" time="0.722" errors="0" timestamp="2024-09-17T12:20:47 IST" skipped="0">
  <testcase classname="com.qa.tests.crossbrowserTest" name="f7Test" time="0.039"/>
  <testcase classname="com.qa.tests.crossbrowserTest" name="f6Test" time="0.038"/>
  <testcase classname="com.qa.tests.crossbrowserTest" name="f5Test" time="0.075"/>
  <testcase classname="com.qa.tests.crossbrowserTest" name="f4Test" time="0.021"/>
  <testcase classname="com.qa.tests.crossbrowserTest" name="f2Test" time="0.040"/>
  <testcase classname="com.qa.tests.crossbrowserTest" name="f1Test" time="0.473"/>
  <testcase classname="com.qa.tests.crossbrowserTest" name="f3Test" time="0.036"/>
</testsuite> <!-- com.qa.tests.crossbrowserTest -->
