<?xml version="1.0" encoding="UTF-8"?>
<!-- Generated by org.testng.reporters.JUnitReportReporter -->
<testsuite hostname="Pragti" failures="0" tests="1" name="com.qa.tests.today28marchTest" time="0.897" errors="0" timestamp="2024-03-28T12:27:17 IST" skipped="0">
  <testcase classname="com.qa.tests.today28marchTest" name="setTest" time="0.897"/>
</testsuite> <!-- com.qa.tests.today28marchTest -->
