<?xml version="1.0" encoding="UTF-8"?>
<!-- Generated by org.testng.reporters.JUnitReportReporter -->
<testsuite hostname="Pragti" failures="0" tests="1" name="com.qa.tests.CartTest" time="0.339" errors="0" timestamp="2024-10-02T14:34:50 IST" skipped="0">
  <testcase classname="com.qa.tests.CartTest" name="foooTest" time="0.339"/>
</testsuite> <!-- com.qa.tests.CartTest -->
