<?xml version="1.0" encoding="UTF-8"?>
<!-- Generated by org.testng.reporters.JUnitReportReporter -->
<testsuite hostname="Pragti" failures="0" tests="1" name="com.qa.tests.New555Test" time="0.167" errors="0" timestamp="2024-08-26T13:13:48 IST" skipped="0">
  <testcase classname="com.qa.tests.New555Test" name="getTest" time="0.167"/>
</testsuite> <!-- com.qa.tests.New555Test -->
