<?xml version="1.0" encoding="UTF-8"?>
<!-- Generated by org.testng.reporters.JUnitReportReporter -->
<testsuite hostname="Pragti" failures="0" tests="3" name="alwayspracticehere.NewhweTest" time="0.256" errors="0" timestamp="2024-07-18T12:01:14 IST" skipped="0">
  <testcase classname="alwayspracticehere.NewhweTest" name="fjkTest" time="0.067"/>
  <testcase classname="alwayspracticehere.NewhweTest" name="fuuTest" time="0.049"/>
  <testcase classname="alwayspracticehere.NewhweTest" name="fTest" time="0.140"/>
</testsuite> <!-- alwayspracticehere.NewhweTest -->
