<?xml version="1.0" encoding="UTF-8"?>
<!-- Generated by org.testng.reporters.JUnitReportReporter -->
<testsuite hostname="Pragti" failures="0" tests="1" name="com.qa.tests.ShadowDOMTest" time="18.682" errors="0" timestamp="2024-06-17T19:27:23 IST" skipped="0">
  <testcase classname="com.qa.tests.ShadowDOMTest" name="gTest" time="18.682"/>
</testsuite> <!-- com.qa.tests.ShadowDOMTest -->
