<?xml version="1.0" encoding="UTF-8"?>
<!-- Generated by org.testng.reporters.JUnitReportReporter -->
<testsuite hostname="Pragti" failures="0" tests="3" name="wa.NewyyTest" time="0.455" errors="0" timestamp="2024-07-31T12:50:13 IST" skipped="0">
  <testcase classname="wa.NewyyTest" name="fTest" time="0.359"/>
  <testcase classname="wa.NewyyTest" name="fjjTest" time="0.073"/>
  <testcase classname="wa.NewyyTest" name="fjTest" time="0.023"/>
</testsuite> <!-- wa.NewyyTest -->
