<?xml version="1.0" encoding="UTF-8"?>
<!-- Generated by org.testng.reporters.JUnitReportReporter -->
<testsuite hostname="Pragti" failures="0" tests="3" name="com.qa.tests.DataprovwwwwTest" time="1.249" errors="0" timestamp="2024-10-22T12:22:46 IST" skipped="0">
  <testcase classname="com.qa.tests.DataprovwwwwTest" name="fTest" time="0.413"/>
  <testcase classname="com.qa.tests.DataprovwwwwTest" name="fTest" time="0.311"/>
  <testcase classname="com.qa.tests.DataprovwwwwTest" name="fTest" time="0.525"/>
</testsuite> <!-- com.qa.tests.DataprovwwwwTest -->
