<?xml version="1.0" encoding="UTF-8"?>
<!-- Generated by org.testng.reporters.JUnitReportReporter -->
<testsuite hostname="Pragti" failures="0" tests="3" name="alwayspracticehere.NewcccTest" time="0.162" errors="0" timestamp="2024-07-15T14:43:47 IST" skipped="0">
  <testcase classname="alwayspracticehere.NewcccTest" name="fTest" time="0.115"/>
  <testcase classname="alwayspracticehere.NewcccTest" name="fkTest" time="0.015"/>
  <testcase classname="alwayspracticehere.NewcccTest" name="flTest" time="0.032"/>
</testsuite> <!-- alwayspracticehere.NewcccTest -->
