<?xml version="1.0" encoding="UTF-8"?>
<!-- Generated by org.testng.reporters.JUnitReportReporter -->
<testsuite hostname="Pragti" failures="0" tests="1" name="scenriobased.BrowserstackTest" time="13.432" errors="0" timestamp="2024-06-05T11:38:00 IST" skipped="0">
  <testcase classname="scenriobased.BrowserstackTest" name="searchTest" time="13.432"/>
</testsuite> <!-- scenriobased.BrowserstackTest -->
