<?xml version="1.0" encoding="UTF-8"?>
<!-- Generated by org.testng.reporters.JUnitReportReporter -->
<testsuite hostname="Pragti" failures="0" tests="2" name="advanceconcepts.GroupssssTest" time="0.140" errors="0" timestamp="2024-09-18T17:52:25 IST" skipped="0">
  <testcase classname="advanceconcepts.GroupssssTest" name="ftttTest" time="0.135"/>
  <testcase classname="advanceconcepts.GroupssssTest" name="fuTest" time="0.005"/>
</testsuite> <!-- advanceconcepts.GroupssssTest -->
