<?xml version="1.0" encoding="UTF-8"?>
<!-- Generated by org.testng.reporters.JUnitReportReporter -->
<testsuite hostname="Pragti" failures="0" tests="2" name="com.qa.tests.Arrlowclass1Test" time="6.892" errors="0" timestamp="2024-10-15T14:26:57 IST" skipped="0">
  <testcase classname="com.qa.tests.Arrlowclass1Test" name="calendarTest" time="0.254"/>
  <testcase classname="com.qa.tests.Arrlowclass1Test" name="selectTest" time="6.638"/>
</testsuite> <!-- com.qa.tests.Arrlowclass1Test -->
