<?xml version="1.0" encoding="UTF-8"?>
<!-- Generated by org.testng.reporters.JUnitReportReporter -->
<testsuite hostname="Pragti" failures="0" tests="12" name="advanceconcepts.WindowsetsizeTest" time="3.550" errors="0" timestamp="2024-10-09T08:56:25 IST" skipped="0">
  <testcase classname="advanceconcepts.WindowsetsizeTest" name="fTest" time="0.031"/>
  <testcase classname="advanceconcepts.WindowsetsizeTest" name="fTest" time="0.033"/>
  <testcase classname="advanceconcepts.WindowsetsizeTest" name="fTest" time="0.049"/>
  <testcase classname="advanceconcepts.WindowsetsizeTest" name="fTest" time="0.021"/>
  <testcase classname="advanceconcepts.WindowsetsizeTest" name="fTest" time="0.047"/>
  <testcase classname="advanceconcepts.WindowsetsizeTest" name="fTest" time="0.022"/>
  <testcase classname="advanceconcepts.WindowsetsizeTest" name="fTest" time="0.023"/>
  <testcase classname="advanceconcepts.WindowsetsizeTest" name="fTest" time="2.808"/>
  <testcase classname="advanceconcepts.WindowsetsizeTest" name="fTest" time="0.394"/>
  <testcase classname="advanceconcepts.WindowsetsizeTest" name="fTest" time="0.045"/>
  <testcase classname="advanceconcepts.WindowsetsizeTest" name="fTest" time="0.017"/>
  <testcase classname="advanceconcepts.WindowsetsizeTest" name="fTest" time="0.060"/>
</testsuite> <!-- advanceconcepts.WindowsetsizeTest -->
