<?xml version="1.0" encoding="UTF-8"?>
<!-- Generated by org.testng.reporters.JUnitReportReporter -->
<testsuite hostname="Pragti" failures="0" tests="1" name="com.qa.tests.SelectTest" time="0.656" errors="0" timestamp="2024-07-20T09:38:54 IST" skipped="0">
  <testcase classname="com.qa.tests.SelectTest" name="fkTest" time="0.656"/>
</testsuite> <!-- com.qa.tests.SelectTest -->
