<?xml version="1.0" encoding="UTF-8"?>
<!-- Generated by org.testng.reporters.JUnitReportReporter -->
<testsuite hostname="Pragti" failures="0" tests="1" name="alwayspracticehere.BrokenimamegsTest" time="1.397" errors="0" timestamp="2024-11-27T15:27:01 IST" skipped="0">
  <testcase classname="alwayspracticehere.BrokenimamegsTest" name="fTest" time="1.397"/>
</testsuite> <!-- alwayspracticehere.BrokenimamegsTest -->
