<?xml version="1.0" encoding="UTF-8"?>
<!-- Generated by org.testng.reporters.JUnitReportReporter -->
<testsuite hostname="Pragti" failures="0" tests="2" name="com.qa.tests.NewuuTest" time="0.159" errors="0" timestamp="2024-08-26T17:00:32 IST" skipped="0">
  <testcase classname="com.qa.tests.NewuuTest" name="fTest" time="0.129"/>
  <testcase classname="com.qa.tests.NewuuTest" name="f1Test" time="0.030"/>
</testsuite> <!-- com.qa.tests.NewuuTest -->
