<?xml version="1.0" encoding="UTF-8"?>
<!-- Generated by org.testng.reporters.JUnitReportReporter -->
<testsuite hostname="Pragti" failures="0" tests="1" name="advanceconcepts.HashmapUsageTest" time="0.073" errors="0" timestamp="2024-07-02T12:11:19 IST" skipped="0">
  <testcase classname="advanceconcepts.HashmapUsageTest" name="takeallvaluesfromhashmapTest" time="0.073"/>
</testsuite> <!-- advanceconcepts.HashmapUsageTest -->
