<?xml version="1.0" encoding="UTF-8"?>
<!-- Generated by org.testng.reporters.JUnitReportReporter -->
<testsuite hostname="Pragti" failures="0" tests="1" name="com.qa.tests.brokenimagesTest" time="19.871" errors="0" timestamp="2024-12-06T11:29:52 IST" skipped="0">
  <testcase classname="com.qa.tests.brokenimagesTest" name="fTest" time="19.871"/>
</testsuite> <!-- com.qa.tests.brokenimagesTest -->
