<?xml version="1.0" encoding="UTF-8"?>
<!-- Generated by org.testng.reporters.JUnitReportReporter -->
<testsuite hostname="Pragti" failures="0" tests="1" name="com.qa.tests.NewhhTest" time="0.156" errors="0" timestamp="2024-06-17T12:11:05 IST" skipped="0">
  <testcase classname="com.qa.tests.NewhhTest" name="fTest" time="0.156"/>
</testsuite> <!-- com.qa.tests.NewhhTest -->
