<?xml version="1.0" encoding="UTF-8"?>
<!-- Generated by org.testng.reporters.JUnitReportReporter -->
<testsuite hostname="Pragti" failures="0" tests="1" name="advanceconcepts.HandlingCookiesinSeleniumTest" time="0.477" errors="0" timestamp="2024-09-12T15:19:21 IST" skipped="0">
  <testcase classname="advanceconcepts.HandlingCookiesinSeleniumTest" name="fTest" time="0.477"/>
</testsuite> <!-- advanceconcepts.HandlingCookiesinSeleniumTest -->
