<?xml version="1.0" encoding="UTF-8"?>
<!-- Generated by org.testng.reporters.JUnitReportReporter -->
<testsuite hostname="Pragti" failures="0" tests="1" name="com.qa.tests.SqTest" time="5.347" errors="0" timestamp="2024-08-19T14:04:47 IST" skipped="0">
  <testcase classname="com.qa.tests.SqTest" name="fTest" time="5.347"/>
</testsuite> <!-- com.qa.tests.SqTest -->
