<?xml version="1.0" encoding="UTF-8"?>
<!-- Generated by org.testng.reporters.JUnitReportReporter -->
<testsuite hostname="Pragti" failures="0" tests="3" name="com.qa.tests.Parallel11Test" time="1.145" errors="0" timestamp="2024-10-07T12:55:43 IST" skipped="0">
  <testcase classname="com.qa.tests.Parallel11Test" name="futtyTest" time="0.424"/>
  <testcase classname="com.qa.tests.Parallel11Test" name="fiTest" time="0.340"/>
  <testcase classname="com.qa.tests.Parallel11Test" name="fttTest" time="0.381"/>
</testsuite> <!-- com.qa.tests.Parallel11Test -->
