<?xml version="1.0" encoding="UTF-8"?>
<!-- Generated by org.testng.reporters.JUnitReportReporter -->
<testsuite hostname="Pragti" failures="0" tests="1" name="com.qa.tests.FooterelementclickTest" time="0.981" errors="0" timestamp="2024-11-30T14:38:56 IST" skipped="0">
  <testcase classname="com.qa.tests.FooterelementclickTest" name="fTest" time="0.981"/>
</testsuite> <!-- com.qa.tests.FooterelementclickTest -->
