<?xml version="1.0" encoding="UTF-8"?>
<!-- Generated by org.testng.reporters.JUnitReportReporter -->
<testsuite hostname="Pragti" failures="0" tests="2" name="com.qa.tests.Parallel2Test" time="0.085" errors="0" timestamp="2024-04-08T14:55:54 IST" skipped="0">
  <testcase classname="com.qa.tests.Parallel2Test" name="fTest" time="0.015"/>
  <testcase classname="com.qa.tests.Parallel2Test" name="fTest" time="0.070"/>
</testsuite> <!-- com.qa.tests.Parallel2Test -->
