<?xml version="1.0" encoding="UTF-8"?>
<!-- Generated by org.testng.reporters.JUnitReportReporter -->
<testsuite hostname="Pragti" failures="0" tests="1" name="alwayspracticehere.ScrollintoviewTest" time="0.121" errors="0" timestamp="2024-05-09T14:15:08 IST" skipped="0">
  <testcase classname="alwayspracticehere.ScrollintoviewTest" name="foiTest" time="0.121"/>
</testsuite> <!-- alwayspracticehere.ScrollintoviewTest -->
