<?xml version="1.0" encoding="UTF-8"?>
<!-- Generated by org.testng.reporters.JUnitReportReporter -->
<testsuite hostname="Pragti" failures="0" tests="1" name="alwayspracticehere.tabTest" time="0.451" errors="0" timestamp="2024-08-22T12:57:18 IST" skipped="0">
  <testcase classname="alwayspracticehere.tabTest" name="fTest" time="0.451"/>
</testsuite> <!-- alwayspracticehere.tabTest -->
