<?xml version="1.0" encoding="UTF-8"?>
<!-- Generated by org.testng.reporters.JUnitReportReporter -->
<testsuite hostname="Pragti" failures="0" tests="1" name="com.qa.tests.Newd333333Test" time="0.255" errors="0" timestamp="2024-08-24T10:06:33 IST" skipped="0">
  <testcase classname="com.qa.tests.Newd333333Test" name="fTest" time="0.255"/>
</testsuite> <!-- com.qa.tests.Newd333333Test -->
