<?xml version="1.0" encoding="UTF-8"?>
<!-- Generated by org.testng.reporters.JUnitReportReporter -->
<testsuite hostname="Pragti" failures="0" tests="6" name="com.qa.tests.Data1Test" time="6.166" errors="0" timestamp="2024-10-21T16:40:27 IST" skipped="0">
  <testcase classname="com.qa.tests.Data1Test" name="gTest" time="0.815"/>
  <testcase classname="com.qa.tests.Data1Test" name="gTest" time="0.454"/>
  <testcase classname="com.qa.tests.Data1Test" name="gTest" time="0.496"/>
  <testcase classname="com.qa.tests.Data1Test" name="fuhTest" time="0.814"/>
  <testcase classname="com.qa.tests.Data1Test" name="fuhTest" time="2.802"/>
  <testcase classname="com.qa.tests.Data1Test" name="fuhTest" time="0.785"/>
</testsuite> <!-- com.qa.tests.Data1Test -->
