<?xml version="1.0" encoding="UTF-8"?>
<!-- Generated by org.testng.reporters.JUnitReportReporter -->
<testsuite hostname="Pragti" failures="0" tests="1" name="com.qa.tests.NewyyTest" time="0.691" errors="0" timestamp="2024-09-28T11:23:01 IST" skipped="0">
  <testcase classname="com.qa.tests.NewyyTest" name="fTest" time="0.691"/>
</testsuite> <!-- com.qa.tests.NewyyTest -->
