<?xml version="1.0" encoding="UTF-8"?>
<!-- Generated by org.testng.reporters.JUnitReportReporter -->
<testsuite hostname="Pragti" failures="0" tests="1" name="com.qa.tests.Newh55555555555555Test" time="0.202" errors="0" timestamp="2024-07-22T13:08:33 IST" skipped="0">
  <testcase classname="com.qa.tests.Newh55555555555555Test" name="fkkkkTest" time="0.202"/>
</testsuite> <!-- com.qa.tests.Newh55555555555555Test -->
