<?xml version="1.0" encoding="UTF-8"?>
<!-- Generated by org.testng.reporters.JUnitReportReporter -->
<testsuite hostname="Pragti" failures="0" tests="4" name="com.qa.tests.BrowserStackTest" time="0.946" errors="0" timestamp="2024-09-27T15:53:41 IST" skipped="0">
  <testcase classname="com.qa.tests.BrowserStackTest" name="title1Test" time="0.819"/>
  <testcase classname="com.qa.tests.BrowserStackTest" name="titleTest" time="0.024"/>
  <testcase classname="com.qa.tests.BrowserStackTest" name="title4Test" time="0.050"/>
  <testcase classname="com.qa.tests.BrowserStackTest" name="title3Test" time="0.053"/>
</testsuite> <!-- com.qa.tests.BrowserStackTest -->
