<?xml version="1.0" encoding="UTF-8"?>
<!-- Generated by org.testng.reporters.JUnitReportReporter -->
<testsuite hostname="Pragti" failures="0" tests="1" name="alwayspracticehere.Njjjjest" time="0.117" errors="0" timestamp="2024-04-10T11:57:43 IST" skipped="0">
  <testcase classname="alwayspracticehere.Njjjjest" name="fTest" time="0.117"/>
</testsuite> <!-- alwayspracticehere.Njjjjest -->
