<?xml version="1.0" encoding="UTF-8"?>
<!-- Generated by org.testng.reporters.JUnitReportReporter -->
<testsuite hostname="Pragti" failures="0" tests="1" name="com.qa.tests.SelectclasssssTest" time="2.039" errors="0" timestamp="2024-09-16T16:27:13 IST" skipped="0">
  <testcase classname="com.qa.tests.SelectclasssssTest" name="fTest" time="2.039"/>
</testsuite> <!-- com.qa.tests.SelectclasssssTest -->
