<?xml version="1.0" encoding="UTF-8"?>
<!-- Generated by org.testng.reporters.JUnitReportReporter -->
<testsuite hostname="Pragti" failures="0" tests="1" name="com.qa.tests.NewrrrrTest" time="0.372" errors="0" timestamp="2024-08-19T13:26:12 IST" skipped="0">
  <testcase classname="com.qa.tests.NewrrrrTest" name="fTest" time="0.372"/>
</testsuite> <!-- com.qa.tests.NewrrrrTest -->
