<?xml version="1.0" encoding="UTF-8"?>
<!-- Generated by org.testng.reporters.JUnitReportReporter -->
<testsuite hostname="Pragti" failures="0" tests="1" name="alwayspracticehere.N1Test" time="0.103" errors="0" timestamp="2024-09-09T12:27:36 IST" skipped="0">
  <testcase classname="alwayspracticehere.N1Test" name="fTest" time="0.103"/>
</testsuite> <!-- alwayspracticehere.N1Test -->
