<?xml version="1.0" encoding="UTF-8"?>
<!-- Generated by org.testng.reporters.JUnitReportReporter -->
<testsuite hostname="Pragti" failures="0" tests="1" name="alwayspracticehere.NewccndsnbTest" time="0.155" errors="0" timestamp="2024-11-30T09:43:29 IST" skipped="0">
  <testcase classname="alwayspracticehere.NewccndsnbTest" name="fTest" time="0.155"/>
</testsuite> <!-- alwayspracticehere.NewccndsnbTest -->
