<?xml version="1.0" encoding="UTF-8"?>
<!-- Generated by org.testng.reporters.JUnitReportReporter -->
<testsuite hostname="Pragti" failures="0" tests="1" name="com.qa.tests.NewddTest" time="0.073" errors="0" timestamp="2024-05-23T15:54:41 IST" skipped="0">
  <testcase classname="com.qa.tests.NewddTest" name="fjTest" time="0.073"/>
</testsuite> <!-- com.qa.tests.NewddTest -->
