<?xml version="1.0" encoding="UTF-8"?>
<!-- Generated by org.testng.reporters.JUnitReportReporter -->
<testsuite hostname="Pragti" failures="0" tests="1" name="com.qa.tests.NewggggggTest" time="0.231" errors="0" timestamp="2024-07-20T09:44:15 IST" skipped="0">
  <testcase classname="com.qa.tests.NewggggggTest" name="fTest" time="0.231"/>
</testsuite> <!-- com.qa.tests.NewggggggTest -->
