<?xml version="1.0" encoding="UTF-8"?>
<!-- Generated by org.testng.reporters.JUnitReportReporter -->
<testsuite hostname="Pragti" failures="0" tests="1" name="com.qa.tests.NewttTest" time="0.225" errors="0" timestamp="2024-08-27T11:42:26 IST" skipped="0">
  <testcase classname="com.qa.tests.NewttTest" name="fTest" time="0.225"/>
</testsuite> <!-- com.qa.tests.NewttTest -->
