<?xml version="1.0" encoding="UTF-8"?>
<!-- Generated by org.testng.reporters.JUnitReportReporter -->
<testsuite hostname="Pragti" failures="0" tests="3" name="com.qa.tests.Grupsss22Test" time="0.106" errors="0" timestamp="2024-05-27T13:01:43 IST" skipped="0">
  <testcase classname="com.qa.tests.Grupsss22Test" name="fTest" time="0.077"/>
  <testcase classname="com.qa.tests.Grupsss22Test" name="fkTest" time="0.014"/>
  <testcase classname="com.qa.tests.Grupsss22Test" name="fllTest" time="0.015"/>
</testsuite> <!-- com.qa.tests.Grupsss22Test -->
