<?xml version="1.0" encoding="UTF-8"?>
<!-- Generated by org.testng.reporters.JUnitReportReporter -->
<testsuite hostname="Pragti" failures="0" tests="1" name="alwayspracticehere.JavascriptexecutorpracTest" time="0.253" errors="0" timestamp="2024-05-02T09:45:22 IST" skipped="0">
  <testcase classname="alwayspracticehere.JavascriptexecutorpracTest" name="fTest" time="0.253"/>
</testsuite> <!-- alwayspracticehere.JavascriptexecutorpracTest -->
