<?xml version="1.0" encoding="UTF-8"?>
<!-- Generated by org.testng.reporters.JUnitReportReporter -->
<testsuite hostname="Pragti" failures="0" tests="1" name="wasteeee.yheTest" time="8.803" errors="0" timestamp="2024-07-01T16:49:45 IST" skipped="0">
  <testcase classname="wasteeee.yheTest" name="eeeTest" time="8.803"/>
</testsuite> <!-- wasteeee.yheTest -->
