<?xml version="1.0" encoding="UTF-8"?>
<!-- Generated by org.testng.reporters.JUnitReportReporter -->
<testsuite hostname="Pragti" failures="0" tests="1" name="globalsqa.KeyskeyssssTest" time="1.398" errors="0" timestamp="2024-09-04T11:10:32 IST" skipped="0">
  <testcase classname="globalsqa.KeyskeyssssTest" name="fjTest" time="1.398"/>
</testsuite> <!-- globalsqa.KeyskeyssssTest -->
