<?xml version="1.0" encoding="UTF-8"?>
<!-- Generated by org.testng.reporters.JUnitReportReporter -->
<testsuite hostname="Pragti" failures="0" tests="3" name="com.qa.tests.DataprovTest" time="3.361" errors="0" timestamp="2024-10-21T12:35:55 IST" skipped="0">
  <testcase classname="com.qa.tests.DataprovTest" name="fTest" time="0.739"/>
  <testcase classname="com.qa.tests.DataprovTest" name="fTest" time="0.721"/>
  <testcase classname="com.qa.tests.DataprovTest" name="fTest" time="1.901"/>
</testsuite> <!-- com.qa.tests.DataprovTest -->
