<?xml version="1.0" encoding="UTF-8"?>
<!-- Generated by org.testng.reporters.JUnitReportReporter -->
<testsuite hostname="Pragti" failures="0" tests="4" name="alwayspracticehere.NewddTest" time="0.662" errors="0" timestamp="2024-08-12T11:22:09 IST" skipped="0">
  <testcase classname="alwayspracticehere.NewddTest" name="getkTest" time="0.055"/>
  <testcase classname="alwayspracticehere.NewddTest" name="getTest" time="0.519"/>
  <testcase classname="alwayspracticehere.NewddTest" name="getkTest" time="0.054"/>
  <testcase classname="alwayspracticehere.NewddTest" name="gehtTest" time="0.034"/>
</testsuite> <!-- alwayspracticehere.NewddTest -->
