<?xml version="1.0" encoding="UTF-8"?>
<!-- Generated by org.testng.reporters.JUnitReportReporter -->
<testsuite hostname="Pragti" failures="0" tests="1" name="com.qa.tests.SubmitfunctionTest" time="13.852" errors="0" timestamp="2024-06-11T18:21:38 IST" skipped="0">
  <testcase classname="com.qa.tests.SubmitfunctionTest" name="fTest" time="13.852"/>
</testsuite> <!-- com.qa.tests.SubmitfunctionTest -->
