<?xml version="1.0" encoding="UTF-8"?>
<!-- Generated by org.testng.reporters.JUnitReportReporter -->
<testsuite hostname="Pragti" failures="0" tests="1" name="com.qa.tests.ArrowactionclassTest" time="0.996" errors="0" timestamp="2024-10-15T13:13:06 IST" skipped="0">
  <testcase classname="com.qa.tests.ArrowactionclassTest" name="fTest" time="0.996"/>
</testsuite> <!-- com.qa.tests.ArrowactionclassTest -->
