<?xml version="1.0" encoding="UTF-8"?>
<!-- Generated by org.testng.reporters.JUnitReportReporter -->
<testsuite hostname="Pragti" failures="0" tests="4" name="parallelexecutionandcrossbrowsertesting.CrossbrowserTest" time="0.292" errors="0" timestamp="2024-04-02T16:32:59 IST" skipped="0">
  <testcase classname="parallelexecutionandcrossbrowsertesting.CrossbrowserTest" name="URLTest" time="0.028"/>
  <testcase classname="parallelexecutionandcrossbrowsertesting.CrossbrowserTest" name="titleTest" time="0.065"/>
  <testcase classname="parallelexecutionandcrossbrowsertesting.CrossbrowserTest" name="URLTest" time="0.169"/>
  <testcase classname="parallelexecutionandcrossbrowsertesting.CrossbrowserTest" name="titleTest" time="0.030"/>
</testsuite> <!-- parallelexecutionandcrossbrowsertesting.CrossbrowserTest -->
