<?xml version="1.0" encoding="UTF-8"?>
<!-- Generated by org.testng.reporters.JUnitReportReporter -->
<testsuite hostname="Pragti" failures="0" tests="1" name="com.qa.tests.N33Test" time="0.077" errors="0" timestamp="2024-04-23T14:53:14 IST" skipped="0">
  <testcase classname="com.qa.tests.N33Test" name="ftiTest" time="0.077"/>
</testsuite> <!-- com.qa.tests.N33Test -->
