<?xml version="1.0" encoding="UTF-8"?>
<!-- Generated by org.testng.reporters.JUnitReportReporter -->
<testsuite hostname="Pragti" failures="0" tests="1" name="com.qa.tests.NewttttTest" time="0.846" errors="0" timestamp="2024-08-20T12:34:49 IST" skipped="0">
  <testcase classname="com.qa.tests.NewttttTest" name="fullTest" time="0.846"/>
</testsuite> <!-- com.qa.tests.NewttttTest -->
