<?xml version="1.0" encoding="UTF-8"?>
<!-- Generated by org.testng.reporters.JUnitReportReporter -->
<testsuite hostname="Pragti" failures="0" tests="1" name="advanceconcepts.NewuuTest" time="0.318" errors="0" timestamp="2024-09-23T15:43:47 IST" skipped="0">
  <testcase classname="advanceconcepts.NewuuTest" name="fTest" time="0.318"/>
</testsuite> <!-- advanceconcepts.NewuuTest -->
