<?xml version="1.0" encoding="UTF-8"?>
<!-- Generated by org.testng.reporters.JUnitReportReporter -->
<testsuite hostname="Pragti" failures="0" tests="1" name="alwayspracticehere.NewfvTest" time="0.146" errors="0" timestamp="2024-11-28T12:51:30 IST" skipped="0">
  <testcase classname="alwayspracticehere.NewfvTest" name="fTest" time="0.146"/>
</testsuite> <!-- alwayspracticehere.NewfvTest -->
