<?xml version="1.0" encoding="UTF-8"?>
<!-- Generated by org.testng.reporters.JUnitReportReporter -->
<testsuite hostname="Pragti" failures="0" tests="1" name="advanceconcepts.scenariocheckedornotTest" time="0.343" errors="0" timestamp="2024-07-22T17:36:11 IST" skipped="0">
  <testcase classname="advanceconcepts.scenariocheckedornotTest" name="fTest" time="0.343"/>
</testsuite> <!-- advanceconcepts.scenariocheckedornotTest -->
