<?xml version="1.0" encoding="UTF-8"?>
<!-- Generated by org.testng.reporters.JUnitReportReporter -->
<testsuite hostname="Pragti" failures="0" tests="1" name="advanceconcepts.NkTest" time="17.058" errors="0" timestamp="2024-09-11T15:39:31 IST" skipped="0">
  <testcase classname="advanceconcepts.NkTest" name="keyddddTest" time="17.058"/>
</testsuite> <!-- advanceconcepts.NkTest -->
