<?xml version="1.0" encoding="UTF-8"?>
<!-- Generated by org.testng.reporters.JUnitReportReporter -->
<testsuite hostname="Pragti" failures="0" tests="1" name="com.qa.tests.today28marchTest" time="0.837" errors="0" timestamp="2024-06-21T12:38:19 IST" skipped="0">
  <testcase classname="com.qa.tests.today28marchTest" name="setTest" time="0.837"/>
</testsuite> <!-- com.qa.tests.today28marchTest -->
