<?xml version="1.0" encoding="UTF-8"?>
<!-- Generated by org.testng.reporters.JUnitReportReporter -->
<testsuite hostname="Pragti" failures="0" tests="1" name="alwayspracticehere.TooltipTest" time="0.194" errors="0" timestamp="2024-09-04T18:25:03 IST" skipped="0">
  <testcase classname="alwayspracticehere.TooltipTest" name="getTest" time="0.194"/>
</testsuite> <!-- alwayspracticehere.TooltipTest -->
