<?xml version="1.0" encoding="UTF-8"?>
<!-- Generated by org.testng.reporters.JUnitReportReporter -->
<testsuite hostname="Pragti" failures="0" tests="1" name="com.qa.tests.PaginationTest" time="4.071" errors="0" timestamp="2024-09-10T12:31:03 IST" skipped="0">
  <testcase classname="com.qa.tests.PaginationTest" name="fyrTest" time="4.071"/>
</testsuite> <!-- com.qa.tests.PaginationTest -->
