<?xml version="1.0" encoding="UTF-8"?>
<!-- Generated by org.testng.reporters.JUnitReportReporter -->
<testsuite hostname="Pragti" failures="0" tests="1" name="pac1.NewffTest" time="4.594" errors="0" timestamp="2024-07-02T08:46:17 IST" skipped="0">
  <testcase classname="pac1.NewffTest" name="fTest" time="4.594"/>
</testsuite> <!-- pac1.NewffTest -->
