<?xml version="1.0" encoding="UTF-8"?>
<!-- Generated by org.testng.reporters.JUnitReportReporter -->
<testsuite hostname="Pragti" failures="0" tests="1" name="wasteeee.NewiiTest" time="0.675" errors="0" timestamp="2024-06-26T11:27:45 IST" skipped="0">
  <testcase classname="wasteeee.NewiiTest" name="fjkTest" time="0.675"/>
</testsuite> <!-- wasteeee.NewiiTest -->
