<?xml version="1.0" encoding="UTF-8"?>
<!-- Generated by org.testng.reporters.JUnitReportReporter -->
<testsuite hostname="Pragti" failures="0" tests="12" name="com.qa.tests.veryimpdataprovider00Test" time="3.552" errors="0" timestamp="2024-04-09T17:42:11 IST" skipped="0">
  <testcase classname="com.qa.tests.veryimpdataprovider00Test" name="opmTest" time="0.253"/>
  <testcase classname="com.qa.tests.veryimpdataprovider00Test" name="fyyTest" time="0.259"/>
  <testcase classname="com.qa.tests.veryimpdataprovider00Test" name="opmTest" time="0.241"/>
  <testcase classname="com.qa.tests.veryimpdataprovider00Test" name="fjTest" time="0.260"/>
  <testcase classname="com.qa.tests.veryimpdataprovider00Test" name="fjmTest" time="0.268"/>
  <testcase classname="com.qa.tests.veryimpdataprovider00Test" name="fTest" time="0.262"/>
  <testcase classname="com.qa.tests.veryimpdataprovider00Test" name="opTest" time="0.262"/>
  <testcase classname="com.qa.tests.veryimpdataprovider00Test" name="opTest" time="0.262"/>
  <testcase classname="com.qa.tests.veryimpdataprovider00Test" name="fjmTest" time="0.256"/>
  <testcase classname="com.qa.tests.veryimpdataprovider00Test" name="fTest" time="0.669"/>
  <testcase classname="com.qa.tests.veryimpdataprovider00Test" name="fjTest" time="0.291"/>
  <testcase classname="com.qa.tests.veryimpdataprovider00Test" name="fyyTest" time="0.269"/>
</testsuite> <!-- com.qa.tests.veryimpdataprovider00Test -->
