<?xml version="1.0" encoding="UTF-8"?>
<!-- Generated by org.testng.reporters.JUnitReportReporter -->
<testsuite hostname="Pragti" failures="0" tests="1" name="alwayspracticehere.CrosssbrowserTest" time="19.370" errors="0" timestamp="2024-10-08T18:40:12 IST" skipped="0">
  <testcase classname="alwayspracticehere.CrosssbrowserTest" name="fTest" time="19.370"/>
</testsuite> <!-- alwayspracticehere.CrosssbrowserTest -->
