<?xml version="1.0" encoding="UTF-8"?>
<!-- Generated by org.testng.reporters.JUnitReportReporter -->
<testsuite hostname="Pragti" failures="0" tests="1" name="com.qa.tests.NeffffTest" time="0.117" errors="0" timestamp="2024-04-27T13:04:37 IST" skipped="0">
  <testcase classname="com.qa.tests.NeffffTest" name="f1Test" time="0.117"/>
</testsuite> <!-- com.qa.tests.NeffffTest -->
