<?xml version="1.0" encoding="UTF-8"?>
<!-- Generated by org.testng.reporters.JUnitReportReporter -->
<testsuite hostname="Pragti" failures="0" tests="1" name="com.qa.tests.LoginTest" time="1.813" errors="0" timestamp="2024-03-27T15:05:23 IST" skipped="0">
  <testcase classname="com.qa.tests.LoginTest" name="getTest" time="1.813"/>
</testsuite> <!-- com.qa.tests.LoginTest -->
