<?xml version="1.0" encoding="UTF-8"?>
<!-- Generated by org.testng.reporters.JUnitReportReporter -->
<testsuite hostname="Pragti" failures="0" tests="1" name="com.qa.tests.CartTest" time="1.130" errors="0" timestamp="2024-04-05T14:43:05 IST" skipped="0">
  <testcase classname="com.qa.tests.CartTest" name="fTest" time="1.130"/>
</testsuite> <!-- com.qa.tests.CartTest -->
