<?xml version="1.0" encoding="UTF-8"?>
<!-- Generated by org.testng.reporters.JUnitReportReporter -->
<testsuite hostname="Pragti" failures="0" tests="1" name="com.qa.tests.title77" time="7.903" errors="0" timestamp="2024-06-14T18:06:48 IST" skipped="0">
  <testcase classname="com.qa.tests.title77" name="geTest" time="7.903"/>
</testsuite> <!-- com.qa.tests.title77 -->
