<?xml version="1.0" encoding="UTF-8"?>
<!-- Generated by org.testng.reporters.JUnitReportReporter -->
<testsuite hostname="Pragti" failures="0" tests="1" name="alwayspracticehere.BrowsersssTest" time="0.488" errors="0" timestamp="2024-08-06T12:50:12 IST" skipped="0">
  <testcase classname="alwayspracticehere.BrowsersssTest" name="getTest" time="0.488"/>
</testsuite> <!-- alwayspracticehere.BrowsersssTest -->
