<?xml version="1.0" encoding="UTF-8"?>
<!-- Generated by org.testng.reporters.JUnitReportReporter -->
<testsuite hostname="Pragti" failures="0" tests="1" name="com.qa.tests.Dytable1111Test" time="0.380" errors="0" timestamp="2024-09-19T15:23:48 IST" skipped="0">
  <testcase classname="com.qa.tests.Dytable1111Test" name="fTest" time="0.380"/>
</testsuite> <!-- com.qa.tests.Dytable1111Test -->
