<?xml version="1.0" encoding="UTF-8"?>
<!-- Generated by org.testng.reporters.JUnitReportReporter -->
<testsuite hostname="Pragti" failures="0" tests="10" name="techlistic.techlisticTest" time="3.008" errors="0" timestamp="2024-09-20T15:32:15 IST" skipped="0">
  <testcase classname="techlistic.techlisticTest" name="gklfTest" time="0.198"/>
  <testcase classname="techlistic.techlisticTest" name="fll6Test" time="0.501"/>
  <testcase classname="techlistic.techlisticTest" name="fooyTest" time="0.021"/>
  <testcase classname="techlistic.techlisticTest" name="fooolTest" time="0.298"/>
  <testcase classname="techlistic.techlisticTest" name="fTest" time="0.425"/>
  <testcase classname="techlistic.techlisticTest" name="foo7Test" time="0.317"/>
  <testcase classname="techlistic.techlisticTest" name="fllTest" time="0.366"/>
  <testcase classname="techlistic.techlisticTest" name="foouTest" time="0.194"/>
  <testcase classname="techlistic.techlisticTest" name="fooTest" time="0.262"/>
  <testcase classname="techlistic.techlisticTest" name="fijTest" time="0.426"/>
</testsuite> <!-- techlistic.techlisticTest -->
