<?xml version="1.0" encoding="UTF-8"?>
<!-- Generated by org.testng.reporters.JUnitReportReporter -->
<testsuite hostname="Pragti" failures="0" tests="9" name="com.qa.tests.dataprovhhhTest" time="6.292" errors="0" timestamp="2024-10-21T15:08:24 IST" skipped="0">
  <testcase classname="com.qa.tests.dataprovhhhTest" name="fTest" time="2.115"/>
  <testcase classname="com.qa.tests.dataprovhhhTest" name="fTest" time="0.467"/>
  <testcase classname="com.qa.tests.dataprovhhhTest" name="fTest" time="0.461"/>
  <testcase classname="com.qa.tests.dataprovhhhTest" name="fTest" time="0.695"/>
  <testcase classname="com.qa.tests.dataprovhhhTest" name="fTest" time="0.433"/>
  <testcase classname="com.qa.tests.dataprovhhhTest" name="fTest" time="0.588"/>
  <testcase classname="com.qa.tests.dataprovhhhTest" name="fTest" time="0.482"/>
  <testcase classname="com.qa.tests.dataprovhhhTest" name="fTest" time="0.469"/>
  <testcase classname="com.qa.tests.dataprovhhhTest" name="fTest" time="0.582"/>
</testsuite> <!-- com.qa.tests.dataprovhhhTest -->
