<?xml version="1.0" encoding="UTF-8"?>
<!-- Generated by org.testng.reporters.JUnitReportReporter -->
<testsuite hostname="Pragti" failures="0" tests="2" name="com.qa.tests.GroupingExecutionTest" time="0.147" errors="0" timestamp="2024-09-17T17:10:53 IST" skipped="0">
  <testcase classname="com.qa.tests.GroupingExecutionTest" name="Feee11Test" time="0.133"/>
  <testcase classname="com.qa.tests.GroupingExecutionTest" name="Feee12Test" time="0.014"/>
</testsuite> <!-- com.qa.tests.GroupingExecutionTest -->
