<?xml version="1.0" encoding="UTF-8"?>
<!-- Generated by org.testng.reporters.JUnitReportReporter -->
<testsuite hostname="Pragti" failures="0" tests="1" name="com.qa.tests.RTest" time="0.911" errors="0" timestamp="2024-09-10T08:31:23 IST" skipped="0">
  <testcase classname="com.qa.tests.RTest" name="fTest" time="0.911"/>
</testsuite> <!-- com.qa.tests.RTest -->
