<?xml version="1.0" encoding="UTF-8"?>
<!-- Generated by org.testng.reporters.JUnitReportReporter -->
<testsuite hostname="Pragti" failures="0" tests="2" name="com.qa.tests.dataprovideryyyyTest" time="0.874" errors="0" timestamp="2024-04-06T12:10:53 IST" skipped="0">
  <testcase classname="com.qa.tests.dataprovideryyyyTest" name="fTest" time="0.366"/>
  <testcase classname="com.qa.tests.dataprovideryyyyTest" name="fTest" time="0.508"/>
</testsuite> <!-- com.qa.tests.dataprovideryyyyTest -->
