<?xml version="1.0" encoding="UTF-8"?>
<!-- Generated by org.testng.reporters.JUnitReportReporter -->
<testsuite hostname="Pragti" failures="0" tests="1" name="alwayspracticehere.WindowsetsizeDimensionTest" time="0.118" errors="0" timestamp="2024-10-07T17:59:01 IST" skipped="0">
  <testcase classname="alwayspracticehere.WindowsetsizeDimensionTest" name="fTest" time="0.118"/>
</testsuite> <!-- alwayspracticehere.WindowsetsizeDimensionTest -->
