<?xml version="1.0" encoding="UTF-8"?>
<!-- Generated by org.testng.reporters.JUnitReportReporter -->
<testsuite hostname="Pragti" failures="0" tests="1" name="com.qa.tests.ListenerrrTest" time="0.214" errors="0" timestamp="2024-08-13T11:16:42 IST" skipped="0">
  <testcase classname="com.qa.tests.ListenerrrTest" name="fTest" time="0.214"/>
</testsuite> <!-- com.qa.tests.ListenerrrTest -->
