<?xml version="1.0" encoding="UTF-8"?>
<!-- Generated by org.testng.reporters.JUnitReportReporter -->
<testsuite hostname="Pragti" failures="0" tests="3" name="com.qa.tests.MakeeeTest" time="0.149" errors="0" timestamp="2024-12-07T14:47:37 IST" skipped="0">
  <testcase classname="com.qa.tests.MakeeeTest" name="fkkTest" time="0.008"/>
  <testcase classname="com.qa.tests.MakeeeTest" name="fTest" time="0.119"/>
  <testcase classname="com.qa.tests.MakeeeTest" name="fkTest" time="0.022"/>
</testsuite> <!-- com.qa.tests.MakeeeTest -->
