<?xml version="1.0" encoding="UTF-8"?>
<!-- Generated by org.testng.reporters.JUnitReportReporter -->
<testsuite hostname="Pragti" failures="0" tests="1" name="dailyping.NewrrTest" time="0.307" errors="0" timestamp="2024-08-07T11:33:43 IST" skipped="0">
  <testcase classname="dailyping.NewrrTest" name="getTest" time="0.307"/>
</testsuite> <!-- dailyping.NewrrTest -->
