<?xml version="1.0" encoding="UTF-8"?>
<!-- Generated by org.testng.reporters.JUnitReportReporter -->
<testsuite hostname="Pragti" failures="0" tests="1" name="advanceconcepts.ClickmultiplewaysTest" time="7.562" errors="0" timestamp="2024-06-28T15:59:36 IST" skipped="0">
  <testcase classname="advanceconcepts.ClickmultiplewaysTest" name="fTest" time="7.562"/>
</testsuite> <!-- advanceconcepts.ClickmultiplewaysTest -->
