<?xml version="1.0" encoding="UTF-8"?>
<!-- Generated by org.testng.reporters.JUnitReportReporter -->
<testsuite hostname="Pragti" failures="0" tests="1" name="com.qa.tests.LoginsamplesiteTest" time="0.242" errors="0" timestamp="2024-03-27T15:05:23 IST" skipped="0">
  <testcase classname="com.qa.tests.LoginsamplesiteTest" name="fTest" time="0.242"/>
</testsuite> <!-- com.qa.tests.LoginsamplesiteTest -->
