<?xml version="1.0" encoding="UTF-8"?>
<!-- Generated by org.testng.reporters.JUnitReportReporter -->
<testsuite hostname="Pragti" failures="0" tests="1" name="com.qa.tests.N33Test" time="0.170" errors="0" timestamp="2024-10-03T11:18:11 IST" skipped="0">
  <testcase classname="com.qa.tests.N33Test" name="hTest" time="0.170"/>
</testsuite> <!-- com.qa.tests.N33Test -->
