<?xml version="1.0" encoding="UTF-8"?>
<!-- Generated by org.testng.reporters.JUnitReportReporter -->
<testsuite hostname="Pragti" failures="0" tests="1" name="com.qa.tests.NewtitleTest" time="0.343" errors="0" timestamp="2024-07-19T11:55:12 IST" skipped="0">
  <testcase classname="com.qa.tests.NewtitleTest" name="fjTest" time="0.343"/>
</testsuite> <!-- com.qa.tests.NewtitleTest -->
