<?xml version="1.0" encoding="UTF-8"?>
<!-- Generated by org.testng.reporters.JUnitReportReporter -->
<testsuite hostname="Pragti" failures="0" tests="1" name="keyspractice.KeysclassTest" time="0.262" errors="0" timestamp="2024-10-15T12:26:08 IST" skipped="0">
  <testcase classname="keyspractice.KeysclassTest" name="uTest" time="0.262"/>
</testsuite> <!-- keyspractice.KeysclassTest -->
