<?xml version="1.0" encoding="UTF-8"?>
<!-- Generated by org.testng.reporters.JUnitReportReporter -->
<testsuite hostname="Pragti" failures="0" tests="1" name="com.qa.tests.NewRTest" time="1.785" errors="0" timestamp="2024-08-31T15:54:48 IST" skipped="0">
  <testcase classname="com.qa.tests.NewRTest" name="fTest" time="1.785"/>
</testsuite> <!-- com.qa.tests.NewRTest -->
