<?xml version="1.0" encoding="UTF-8"?>
<!-- Generated by org.testng.reporters.JUnitReportReporter -->
<testsuite hostname="Pragti" failures="0" tests="3" name="com.qa.tests.NewccTest" time="0.215" errors="0" timestamp="2024-07-08T16:03:38 IST" skipped="0">
  <testcase classname="com.qa.tests.NewccTest" name="fTest" time="0.142"/>
  <testcase classname="com.qa.tests.NewccTest" name="fkTest" time="0.048"/>
  <testcase classname="com.qa.tests.NewccTest" name="fllTest" time="0.025"/>
</testsuite> <!-- com.qa.tests.NewccTest -->
