<?xml version="1.0" encoding="UTF-8"?>
<!-- Generated by org.testng.reporters.JUnitReportReporter -->
<testsuite hostname="Pragti" failures="0" tests="4" name="wasteeee.NewTest" time="0.165" errors="0" timestamp="2024-06-26T11:20:04 IST" skipped="0">
  <testcase classname="wasteeee.NewTest" name="fhTest" time="0.004"/>
  <testcase classname="wasteeee.NewTest" name="fTest" time="0.153"/>
  <testcase classname="wasteeee.NewTest" name="fkTest" time="0.003"/>
  <testcase classname="wasteeee.NewTest" name="fTlest" time="0.005"/>
</testsuite> <!-- wasteeee.NewTest -->
