<?xml version="1.0" encoding="UTF-8"?>
<!-- Generated by org.testng.reporters.JUnitReportReporter -->
<testsuite hostname="Pragti" failures="0" tests="1" name="com.qa.tests.MakemytripTest" time="2.140" errors="0" timestamp="2024-06-19T12:27:04 IST" skipped="0">
  <testcase classname="com.qa.tests.MakemytripTest" name="fTest" time="2.140"/>
</testsuite> <!-- com.qa.tests.MakemytripTest -->
