<?xml version="1.0" encoding="UTF-8"?>
<!-- Generated by org.testng.reporters.JUnitReportReporter -->
<testsuite hostname="Pragti" failures="0" tests="6" name="com.qa.tests.TTest" time="0.247" errors="0" timestamp="2024-04-05T11:59:46 IST" skipped="0">
  <testcase classname="com.qa.tests.TTest" name="fTest" time="0.045"/>
  <testcase classname="com.qa.tests.TTest" name="fTest" time="0.088"/>
  <testcase classname="com.qa.tests.TTest" name="fiTest" time="0.019"/>
  <testcase classname="com.qa.tests.TTest" name="fiTest" time="0.041"/>
  <testcase classname="com.qa.tests.TTest" name="fiiTest" time="0.019"/>
  <testcase classname="com.qa.tests.TTest" name="fiiTest" time="0.035"/>
</testsuite> <!-- com.qa.tests.TTest -->
