<?xml version="1.0" encoding="UTF-8"?>
<!-- Generated by org.testng.reporters.JUnitReportReporter -->
<testsuite hostname="Pragti" failures="0" tests="1" name="pppppp.Keys122222Test" time="6.357" errors="0" timestamp="2024-08-28T12:18:14 IST" skipped="0">
  <testcase classname="pppppp.Keys122222Test" name="fTest" time="6.357"/>
</testsuite> <!-- pppppp.Keys122222Test -->
