<?xml version="1.0" encoding="UTF-8"?>
<!-- Generated by org.testng.reporters.JUnitReportReporter -->
<testsuite hostname="Pragti" failures="0" tests="6" name="com.qa.tests.makemytripTest" time="0.220" errors="0" timestamp="2024-10-03T14:42:12 IST" skipped="0">
  <testcase classname="com.qa.tests.makemytripTest" name="f4Test" time="0.004"/>
  <testcase classname="com.qa.tests.makemytripTest" name="f3Test" time="0.004"/>
  <testcase classname="com.qa.tests.makemytripTest" name="f2Test" time="0.193"/>
  <testcase classname="com.qa.tests.makemytripTest" name="f5Test" time="0.005"/>
  <testcase classname="com.qa.tests.makemytripTest" name="fTest" time="0.009"/>
  <testcase classname="com.qa.tests.makemytripTest" name="f6Test" time="0.005"/>
</testsuite> <!-- com.qa.tests.makemytripTest -->
