<?xml version="1.0" encoding="UTF-8"?>
<!-- Generated by org.testng.reporters.JUnitReportReporter -->
<testsuite hostname="Pragti" failures="0" tests="4" name="alwayspracticehere.NewhhTest" time="0.189" errors="0" timestamp="2024-07-24T11:25:04 IST" skipped="0">
  <testcase classname="alwayspracticehere.NewhhTest" name="fTest" time="0.150"/>
  <testcase classname="alwayspracticehere.NewhhTest" name="flTest" time="0.013"/>
  <testcase classname="alwayspracticehere.NewhhTest" name="fmmmTest" time="0.012"/>
  <testcase classname="alwayspracticehere.NewhhTest" name="fkmmm7Test" time="0.014"/>
</testsuite> <!-- alwayspracticehere.NewhhTest -->
