<?xml version="1.0" encoding="UTF-8"?>
<!-- Generated by org.testng.reporters.JUnitReportReporter -->
<testsuite hostname="Pragti" failures="0" tests="1" name="com.qa.tests.AccountTest" time="1.515" errors="0" timestamp="2024-03-27T15:01:29 IST" skipped="0">
  <testcase classname="com.qa.tests.AccountTest" name="getTest" time="1.515"/>
</testsuite> <!-- com.qa.tests.AccountTest -->
