<?xml version="1.0" encoding="UTF-8"?>
<!-- Generated by org.testng.reporters.JUnitReportReporter -->
<testsuite hostname="Pragti" failures="0" tests="1" name="com.qa.tests.NewyTest" time="2.593" errors="0" timestamp="2024-10-10T17:50:27 IST" skipped="0">
  <testcase classname="com.qa.tests.NewyTest" name="geTest" time="2.593"/>
</testsuite> <!-- com.qa.tests.NewyTest -->
