<?xml version="1.0" encoding="UTF-8"?>
<!-- Generated by org.testng.reporters.JUnitReportReporter -->
<testsuite hostname="Pragti" failures="0" tests="1" name="naveencodingchallenge.DropdownTest" time="3.626" errors="0" timestamp="2024-05-29T17:19:08 IST" skipped="0">
  <testcase classname="naveencodingchallenge.DropdownTest" name="dropdownTest" time="3.626"/>
</testsuite> <!-- naveencodingchallenge.DropdownTest -->
