<?xml version="1.0" encoding="UTF-8"?>
<!-- Generated by org.testng.reporters.JUnitReportReporter -->
<testsuite hostname="Pragti" failures="0" tests="1" name="com.qa.tests.NewdddTest" time="5.196" errors="0" timestamp="2024-10-19T12:07:11 IST" skipped="0">
  <testcase classname="com.qa.tests.NewdddTest" name="fTest" time="5.196"/>
</testsuite> <!-- com.qa.tests.NewdddTest -->
