<?xml version="1.0" encoding="UTF-8"?>
<!-- Generated by org.testng.reporters.JUnitReportReporter -->
<testsuite hostname="Pragti" failures="0" tests="1" name="com.qa.tests.DevdukesTest" time="39.343" errors="0" timestamp="2024-08-28T18:04:35 IST" skipped="0">
  <testcase classname="com.qa.tests.DevdukesTest" name="getstartedbtnTest" time="39.343"/>
</testsuite> <!-- com.qa.tests.DevdukesTest -->
