<?xml version="1.0" encoding="UTF-8"?>
<!-- Generated by org.testng.reporters.JUnitReportReporter -->
<testsuite hostname="Pragti" failures="0" tests="3" name="com.qa.tests.NewrrTest" time="0.249" errors="0" timestamp="2024-08-15T12:19:43 IST" skipped="0">
  <testcase classname="com.qa.tests.NewrrTest" name="fTest" time="0.129"/>
  <testcase classname="com.qa.tests.NewrrTest" name="urlTest" time="0.018"/>
  <testcase classname="com.qa.tests.NewrrTest" name="logoTest" time="0.102"/>
</testsuite> <!-- com.qa.tests.NewrrTest -->
