<?xml version="1.0" encoding="UTF-8"?>
<!-- Generated by org.testng.reporters.JUnitReportReporter -->
<testsuite hostname="Pragti" failures="0" tests="9" name="iiiiii.NewTest" time="55.539" errors="0" timestamp="2024-08-23T16:13:22 IST" skipped="0">
  <testcase classname="iiiiii.NewTest" name="flTest" time="5.306"/>
  <testcase classname="iiiiii.NewTest" name="fkTest" time="5.703"/>
  <testcase classname="iiiiii.NewTest" name="fkTest" time="8.866"/>
  <testcase classname="iiiiii.NewTest" name="fTest" time="6.054"/>
  <testcase classname="iiiiii.NewTest" name="flTest" time="7.228"/>
  <testcase classname="iiiiii.NewTest" name="flTest" time="5.620"/>
  <testcase classname="iiiiii.NewTest" name="fkTest" time="5.777"/>
  <testcase classname="iiiiii.NewTest" name="fTest" time="5.203"/>
  <testcase classname="iiiiii.NewTest" name="fTest" time="5.782"/>
</testsuite> <!-- iiiiii.NewTest -->
