<?xml version="1.0" encoding="UTF-8"?>
<!-- Generated by org.testng.reporters.JUnitReportReporter -->
<testsuite hostname="Pragti" failures="0" tests="1" name="com.qa.tests.OpencattttTest" time="0.278" errors="0" timestamp="2024-10-01T13:59:24 IST" skipped="0">
  <testcase classname="com.qa.tests.OpencattttTest" name="fTest" time="0.278"/>
</testsuite> <!-- com.qa.tests.OpencattttTest -->
