<?xml version="1.0" encoding="UTF-8"?>
<!-- Generated by org.testng.reporters.JUnitReportReporter -->
<testsuite hostname="Pragti" failures="0" tests="1" name="com.qa.tests.NewyyyyyfffTest" time="0.200" errors="0" timestamp="2024-10-09T19:17:05 IST" skipped="0">
  <testcase classname="com.qa.tests.NewyyyyyfffTest" name="getTest" time="0.200"/>
</testsuite> <!-- com.qa.tests.NewyyyyyfffTest -->
