<?xml version="1.0" encoding="UTF-8"?>
<!-- Generated by org.testng.reporters.JUnitReportReporter -->
<testsuite hostname="Pragti" failures="0" tests="3" name="alwayspracticehere.hhjTest" time="0.305" errors="0" timestamp="2024-04-12T09:14:02 IST" skipped="0">
  <testcase classname="alwayspracticehere.hhjTest" name="fTest" time="0.206"/>
  <testcase classname="alwayspracticehere.hhjTest" name="fiTest" time="0.049"/>
  <testcase classname="alwayspracticehere.hhjTest" name="foTest" time="0.050"/>
</testsuite> <!-- alwayspracticehere.hhjTest -->
