<?xml version="1.0" encoding="UTF-8"?>
<!-- Generated by org.testng.reporters.JUnitReportReporter -->
<testsuite hostname="Pragti" failures="0" tests="5" name="com.qa.tests.SelectclassTest" time="0.140" errors="0" timestamp="2024-10-10T14:59:05 IST" skipped="0">
  <testcase classname="com.qa.tests.SelectclassTest" name="F1Test" time="0.005"/>
  <testcase classname="com.qa.tests.SelectclassTest" name="F1234Test" time="0.004"/>
  <testcase classname="com.qa.tests.SelectclassTest" name="F1223Test" time="0.102"/>
  <testcase classname="com.qa.tests.SelectclassTest" name="FT2123est" time="0.005"/>
  <testcase classname="com.qa.tests.SelectclassTest" name="FTest" time="0.024"/>
</testsuite> <!-- com.qa.tests.SelectclassTest -->
