<?xml version="1.0" encoding="UTF-8"?>
<!-- Generated by org.testng.reporters.JUnitReportReporter -->
<testsuite hostname="Pragti" failures="0" tests="1" name="dynamictable.Dytable1Test" time="41.246" errors="0" timestamp="2024-09-19T15:07:40 IST" skipped="0">
  <testcase classname="dynamictable.Dytable1Test" name="fTest" time="41.246"/>
</testsuite> <!-- dynamictable.Dytable1Test -->
