<?xml version="1.0" encoding="UTF-8"?>
<!-- Generated by org.testng.reporters.JUnitReportReporter -->
<testsuite hostname="Pragti" failures="0" tests="1" name="com.qa.tests.Acceptcookies" time="11.025" errors="0" timestamp="2024-06-11T15:27:38 IST" skipped="0">
  <testcase classname="com.qa.tests.Acceptcookies" name="getTest" time="11.025"/>
</testsuite> <!-- com.qa.tests.Acceptcookies -->
