<?xml version="1.0" encoding="UTF-8"?>
<!-- Generated by org.testng.reporters.JUnitReportReporter -->
<testsuite hostname="Pragti" failures="0" tests="1" name="com.qa.tests.New111Test" time="20.145" errors="0" timestamp="2024-06-25T14:25:32 IST" skipped="0">
  <testcase classname="com.qa.tests.New111Test" name="fkTest" time="20.145"/>
</testsuite> <!-- com.qa.tests.New111Test -->
