<?xml version="1.0" encoding="UTF-8"?>
<!-- Generated by org.testng.reporters.JUnitReportReporter -->
<testsuite hostname="Pragti" failures="0" tests="1" name="com.qa.tests.AccountTest" time="1.594" errors="0" timestamp="2024-03-28T12:33:31 IST" skipped="0">
  <testcase classname="com.qa.tests.AccountTest" name="getTest" time="1.594"/>
</testsuite> <!-- com.qa.tests.AccountTest -->
